  [1m[35m (310.6ms)[0m  [1m[35mCREATE DATABASE "alvin_me_routing_shit_development" ENCODING = 'unicode'[0m
  ↳ bin/rails:9
  [1m[35m (249.3ms)[0m  [1m[35mCREATE DATABASE "alvin_me_routing_shit_test" ENCODING = 'unicode'[0m
  ↳ bin/rails:9
Started GET "/" for ::1 at 2020-09-02 14:57:18 -0700
Processing by Rails::WelcomeController#index as HTML
  Rendering /home/boosqua/.rbenv/versions/2.5.1/lib/ruby/gems/2.5.0/gems/railties-5.2.4.3/lib/rails/templates/rails/welcome/index.html.erb
  Rendered /home/boosqua/.rbenv/versions/2.5.1/lib/ruby/gems/2.5.0/gems/railties-5.2.4.3/lib/rails/templates/rails/welcome/index.html.erb (3.2ms)
Completed 200 OK in 14ms (Views: 7.8ms | ActiveRecord: 0.0ms)


Started GET "/" for 127.0.0.1 at 2020-09-02 14:57:31 -0700
Processing by Rails::WelcomeController#index as HTML
  Rendering /home/boosqua/.rbenv/versions/2.5.1/lib/ruby/gems/2.5.0/gems/railties-5.2.4.3/lib/rails/templates/rails/welcome/index.html.erb
  Rendered /home/boosqua/.rbenv/versions/2.5.1/lib/ruby/gems/2.5.0/gems/railties-5.2.4.3/lib/rails/templates/rails/welcome/index.html.erb (1.9ms)
Completed 200 OK in 4ms (Views: 3.5ms | ActiveRecord: 0.0ms)


Started GET "/" for ::1 at 2020-09-02 15:00:23 -0700
Processing by Rails::WelcomeController#index as */*
  Rendering /home/boosqua/.rbenv/versions/2.5.1/lib/ruby/gems/2.5.0/gems/railties-5.2.4.3/lib/rails/templates/rails/welcome/index.html.erb
  Rendered /home/boosqua/.rbenv/versions/2.5.1/lib/ruby/gems/2.5.0/gems/railties-5.2.4.3/lib/rails/templates/rails/welcome/index.html.erb (2.8ms)
Completed 200 OK in 16ms (Views: 10.0ms | ActiveRecord: 0.0ms)


Started GET "/" for 127.0.0.1 at 2020-09-02 15:00:41 -0700
Processing by Rails::WelcomeController#index as HTML
  Rendering /home/boosqua/.rbenv/versions/2.5.1/lib/ruby/gems/2.5.0/gems/railties-5.2.4.3/lib/rails/templates/rails/welcome/index.html.erb
  Rendered /home/boosqua/.rbenv/versions/2.5.1/lib/ruby/gems/2.5.0/gems/railties-5.2.4.3/lib/rails/templates/rails/welcome/index.html.erb (1.3ms)
Completed 200 OK in 4ms (Views: 2.7ms | ActiveRecord: 0.0ms)


Started GET "/" for 127.0.0.1 at 2020-09-02 15:00:44 -0700
Processing by Rails::WelcomeController#index as HTML
  Rendering /home/boosqua/.rbenv/versions/2.5.1/lib/ruby/gems/2.5.0/gems/railties-5.2.4.3/lib/rails/templates/rails/welcome/index.html.erb
  Rendered /home/boosqua/.rbenv/versions/2.5.1/lib/ruby/gems/2.5.0/gems/railties-5.2.4.3/lib/rails/templates/rails/welcome/index.html.erb (1.6ms)
Completed 200 OK in 4ms (Views: 3.1ms | ActiveRecord: 0.0ms)


Started GET "/" for 127.0.0.1 at 2020-09-02 15:00:46 -0700
Processing by Rails::WelcomeController#index as HTML
  Rendering /home/boosqua/.rbenv/versions/2.5.1/lib/ruby/gems/2.5.0/gems/railties-5.2.4.3/lib/rails/templates/rails/welcome/index.html.erb
  Rendered /home/boosqua/.rbenv/versions/2.5.1/lib/ruby/gems/2.5.0/gems/railties-5.2.4.3/lib/rails/templates/rails/welcome/index.html.erb (1.7ms)
Completed 200 OK in 4ms (Views: 2.9ms | ActiveRecord: 0.0ms)


Started GET "/" for 127.0.0.1 at 2020-09-02 15:00:47 -0700
Processing by Rails::WelcomeController#index as HTML
  Rendering /home/boosqua/.rbenv/versions/2.5.1/lib/ruby/gems/2.5.0/gems/railties-5.2.4.3/lib/rails/templates/rails/welcome/index.html.erb
  Rendered /home/boosqua/.rbenv/versions/2.5.1/lib/ruby/gems/2.5.0/gems/railties-5.2.4.3/lib/rails/templates/rails/welcome/index.html.erb (1.8ms)
Completed 200 OK in 4ms (Views: 3.4ms | ActiveRecord: 0.0ms)


Started GET "/" for 127.0.0.1 at 2020-09-02 15:00:47 -0700
Processing by Rails::WelcomeController#index as HTML
  Rendering /home/boosqua/.rbenv/versions/2.5.1/lib/ruby/gems/2.5.0/gems/railties-5.2.4.3/lib/rails/templates/rails/welcome/index.html.erb
  Rendered /home/boosqua/.rbenv/versions/2.5.1/lib/ruby/gems/2.5.0/gems/railties-5.2.4.3/lib/rails/templates/rails/welcome/index.html.erb (2.9ms)
Completed 200 OK in 5ms (Views: 4.4ms | ActiveRecord: 0.0ms)


Started GET "/" for 127.0.0.1 at 2020-09-02 15:00:48 -0700
Processing by Rails::WelcomeController#index as HTML
  Rendering /home/boosqua/.rbenv/versions/2.5.1/lib/ruby/gems/2.5.0/gems/railties-5.2.4.3/lib/rails/templates/rails/welcome/index.html.erb
  Rendered /home/boosqua/.rbenv/versions/2.5.1/lib/ruby/gems/2.5.0/gems/railties-5.2.4.3/lib/rails/templates/rails/welcome/index.html.erb (1.7ms)
Completed 200 OK in 4ms (Views: 3.0ms | ActiveRecord: 0.0ms)


Started GET "/" for 127.0.0.1 at 2020-09-02 15:00:48 -0700
Processing by Rails::WelcomeController#index as HTML
  Rendering /home/boosqua/.rbenv/versions/2.5.1/lib/ruby/gems/2.5.0/gems/railties-5.2.4.3/lib/rails/templates/rails/welcome/index.html.erb
  Rendered /home/boosqua/.rbenv/versions/2.5.1/lib/ruby/gems/2.5.0/gems/railties-5.2.4.3/lib/rails/templates/rails/welcome/index.html.erb (1.7ms)
Completed 200 OK in 4ms (Views: 3.0ms | ActiveRecord: 0.0ms)


Started GET "/" for 127.0.0.1 at 2020-09-02 15:00:48 -0700
Processing by Rails::WelcomeController#index as HTML
  Rendering /home/boosqua/.rbenv/versions/2.5.1/lib/ruby/gems/2.5.0/gems/railties-5.2.4.3/lib/rails/templates/rails/welcome/index.html.erb
  Rendered /home/boosqua/.rbenv/versions/2.5.1/lib/ruby/gems/2.5.0/gems/railties-5.2.4.3/lib/rails/templates/rails/welcome/index.html.erb (1.7ms)
Completed 200 OK in 4ms (Views: 3.3ms | ActiveRecord: 0.0ms)


Started GET "/" for ::1 at 2020-09-02 15:02:44 -0700
Processing by Rails::WelcomeController#index as */*
  Rendering /home/boosqua/.rbenv/versions/2.5.1/lib/ruby/gems/2.5.0/gems/railties-5.2.4.3/lib/rails/templates/rails/welcome/index.html.erb
  Rendered /home/boosqua/.rbenv/versions/2.5.1/lib/ruby/gems/2.5.0/gems/railties-5.2.4.3/lib/rails/templates/rails/welcome/index.html.erb (1.6ms)
Completed 200 OK in 17ms (Views: 12.8ms | ActiveRecord: 0.0ms)


Started GET "/" for 127.0.0.1 at 2020-09-02 15:02:57 -0700
Processing by Rails::WelcomeController#index as */*
  Rendering /home/boosqua/.rbenv/versions/2.5.1/lib/ruby/gems/2.5.0/gems/railties-5.2.4.3/lib/rails/templates/rails/welcome/index.html.erb
  Rendered /home/boosqua/.rbenv/versions/2.5.1/lib/ruby/gems/2.5.0/gems/railties-5.2.4.3/lib/rails/templates/rails/welcome/index.html.erb (1.2ms)
Completed 200 OK in 11ms (Views: 6.8ms | ActiveRecord: 0.0ms)


Started GET "/users" for ::1 at 2020-09-02 15:03:55 -0700

AbstractController::ActionNotFound - The action 'index' could not be found for UsersController:

Started GET "/users" for 127.0.0.1 at 2020-09-02 15:04:22 -0700

AbstractController::ActionNotFound - The action 'index' could not be found for UsersController:

Started GET "/users" for ::1 at 2020-09-02 15:06:25 -0700

AbstractController::ActionNotFound - The action 'index' could not be found for UsersController:

Started GET "/users" for ::1 at 2020-09-02 15:06:34 -0700

AbstractController::ActionNotFound - The action 'index' could not be found for UsersController:

Started GET "/users" for 127.0.0.1 at 2020-09-02 15:06:36 -0700

AbstractController::ActionNotFound - The action 'index' could not be found for UsersController:

Started GET "/users" for 127.0.0.1 at 2020-09-02 15:07:22 -0700

AbstractController::ActionNotFound - The action 'index' could not be found for UsersController:

Started GET "/users" for ::1 at 2020-09-02 15:12:07 -0700
Started GET "/users" for ::1 at 2020-09-02 15:17:10 -0700

AbstractController::ActionNotFound - The action 'index' could not be found for UsersController:

Started GET "/users" for ::1 at 2020-09-02 15:17:33 -0700

AbstractController::ActionNotFound - The action 'index' could not be found for UsersController:

Started GET "/users" for ::1 at 2020-09-02 15:18:48 -0700
Processing by UsersController#index as */*
No template found for UsersController#index, rendering head :no_content
Completed 204 No Content in 5417ms (ActiveRecord: 0.0ms)


Started GET "/users" for ::1 at 2020-09-02 15:19:37 -0700
Processing by UsersController#index as */*
No template found for UsersController#index, rendering head :no_content
Completed 204 No Content in 5420ms (ActiveRecord: 0.0ms)


Started GET "/users" for ::1 at 2020-09-02 15:20:11 -0700
Processing by UsersController#index as */*
No template found for UsersController#index, rendering head :no_content
Completed 204 No Content in 5547ms (ActiveRecord: 0.0ms)


Started GET "/users" for ::1 at 2020-09-02 15:20:56 -0700
Processing by UsersController#index as */*
No template found for UsersController#index, rendering head :no_content
Completed 204 No Content in 5990ms (ActiveRecord: 0.0ms)


Started GET "/users" for ::1 at 2020-09-02 15:22:40 -0700
Processing by UsersController#index as */*
Started GET "/users" for 127.0.0.1 at 2020-09-02 15:22:44 -0700
Processing by UsersController#index as */*
No template found for UsersController#index, rendering head :no_content
Completed 204 No Content in 5325ms (ActiveRecord: 0.0ms)


No template found for UsersController#index, rendering head :no_content
Completed 204 No Content in 4132ms (ActiveRecord: 0.0ms)


Started GET "/users" for ::1 at 2020-09-02 15:23:08 -0700
Processing by UsersController#index as */*
Started GET "/users" for 127.0.0.1 at 2020-09-02 15:23:10 -0700
Processing by UsersController#index as */*
No template found for UsersController#index, rendering head :no_content
Completed 204 No Content in 5435ms (ActiveRecord: 0.0ms)


No template found for UsersController#index, rendering head :no_content
Completed 204 No Content in 3634ms (ActiveRecord: 0.0ms)


Started GET "/users" for ::1 at 2020-09-02 15:23:35 -0700
Processing by UsersController#index as */*
Completed 200 OK in 4ms (Views: 0.1ms | ActiveRecord: 0.0ms)


Started GET "/users" for 127.0.0.1 at 2020-09-02 15:23:45 -0700
Processing by UsersController#index as */*
Completed 200 OK in 0ms (Views: 0.1ms | ActiveRecord: 0.0ms)


Started GET "//users?fav_food=pizza%20" for ::1 at 2020-09-02 15:26:29 -0700
Processing by UsersController#index as */*
  Parameters: {"fav_food"=>"pizza "}
Completed 200 OK in 0ms (Views: 0.1ms | ActiveRecord: 0.0ms)


Started GET "//users?fav_food=pizza%20" for ::1 at 2020-09-02 15:26:32 -0700
Processing by UsersController#index as */*
  Parameters: {"fav_food"=>"pizza "}
Completed 200 OK in 0ms (Views: 0.1ms | ActiveRecord: 0.0ms)


Started GET "//users?admin=true%20" for ::1 at 2020-09-02 15:27:10 -0700
Processing by UsersController#index as */*
  Parameters: {"admin"=>"true "}
Completed 200 OK in 0ms (Views: 0.1ms | ActiveRecord: 0.0ms)


Started GET "//users?admin=true%20" for ::1 at 2020-09-02 15:27:11 -0700
Processing by UsersController#index as */*
  Parameters: {"admin"=>"true "}
Completed 200 OK in 0ms (Views: 0.1ms | ActiveRecord: 0.0ms)


Started GET "//users?admin=true%20" for ::1 at 2020-09-02 15:27:12 -0700
Processing by UsersController#index as */*
  Parameters: {"admin"=>"true "}
Completed 200 OK in 1ms (Views: 0.1ms | ActiveRecord: 0.0ms)


Started GET "//users?admin=true%20" for ::1 at 2020-09-02 15:27:12 -0700
Processing by UsersController#index as */*
  Parameters: {"admin"=>"true "}
Completed 200 OK in 0ms (Views: 0.1ms | ActiveRecord: 0.0ms)


Started GET "//users?admin=true%20" for ::1 at 2020-09-02 15:27:14 -0700
Processing by UsersController#index as */*
  Parameters: {"admin"=>"true "}
Completed 200 OK in 0ms (Views: 0.1ms | ActiveRecord: 0.0ms)


Started GET "//users?admin=true%20" for ::1 at 2020-09-02 15:27:14 -0700
Processing by UsersController#index as */*
  Parameters: {"admin"=>"true "}
Completed 200 OK in 1ms (Views: 0.1ms | ActiveRecord: 0.0ms)


Started GET "//users?admin=true%20" for ::1 at 2020-09-02 15:27:15 -0700
Processing by UsersController#index as */*
  Parameters: {"admin"=>"true "}
Completed 200 OK in 0ms (Views: 0.1ms | ActiveRecord: 0.0ms)


Started GET "/users?computer=Mac" for 127.0.0.1 at 2020-09-02 15:28:07 -0700
Processing by UsersController#index as */*
  Parameters: {"computer"=>"Mac"}
Completed 200 OK in 0ms (Views: 0.1ms | ActiveRecord: 0.0ms)


Started POST "//users?admin=true%20" for ::1 at 2020-09-02 15:30:12 -0700

AbstractController::ActionNotFound - The action 'create' could not be found for UsersController:

Started POST "//users?admin=true%20" for ::1 at 2020-09-02 15:30:58 -0700

AbstractController::ActionNotFound - The action 'create' could not be found for UsersController:

Started POST "//users?admin=true%20" for ::1 at 2020-09-02 15:31:15 -0700
Processing by UsersController#create as */*
  Parameters: {"admin"=>"true ", "name"=>"Omar", "city"=>"San francisco"}
Completed 200 OK in 3ms (Views: 0.1ms | ActiveRecord: 0.0ms)


Started POST "//users?admin=true%20" for ::1 at 2020-09-02 15:33:20 -0700
Processing by UsersController#create as */*
  Parameters: {"admin"=>"true ", "name"=>"Omar", "city"=>"San Francisco", "favorite food"=>"Carne Asada Tacos", "favorite sport"=>"Football ", "stuff"=>"stuff"}
Completed 200 OK in 1ms (Views: 0.2ms | ActiveRecord: 0.0ms)


Started POST "/users?computer=Mac&sports%20=basketball%20&color%20=green&car=honda%20" for 127.0.0.1 at 2020-09-02 15:33:35 -0700
Processing by UsersController#create as */*
  Parameters: {"computer"=>"Mac", "sports "=>"basketball ", "color "=>"green", "car"=>"honda "}
Completed 200 OK in 1ms (Views: 0.1ms | ActiveRecord: 0.0ms)


Started POST "//users?admin=true%20" for ::1 at 2020-09-02 15:34:32 -0700
Processing by UsersController#create as */*
  Parameters: {"admin"=>"true ", "name"=>"Omar", "city"=>"San Francisco", "favorite food"=>"Carne Asada Tacos", "favorite sport"=>"Football ", "stuff"=>"stuff"}
Completed 200 OK in 0ms (Views: 0.1ms | ActiveRecord: 0.0ms)


Started POST "//users?admin=true%20" for ::1 at 2020-09-02 15:34:41 -0700
Processing by UsersController#create as */*
  Parameters: {"admin"=>"true ", "name"=>"Omar", "city"=>"San Francisco", "favorite food"=>"Carne Asada Tacos", "favorite sport"=>"Football ", "stuff"=>"stuff"}
Completed 200 OK in 4ms (Views: 0.3ms | ActiveRecord: 0.0ms)


Started POST "/users?computer=Mac&sports%20=basketball%20&color%20=green&car=honda%20" for 127.0.0.1 at 2020-09-02 15:34:52 -0700
Processing by UsersController#create as */*
  Parameters: {"computer"=>"Mac", "sports "=>"basketball ", "color "=>"green", "car"=>"honda "}
Completed 200 OK in 1ms (Views: 0.2ms | ActiveRecord: 0.0ms)


Started GET "/users/99" for ::1 at 2020-09-02 15:36:40 -0700

AbstractController::ActionNotFound - The action 'show' could not be found for UsersController:

Started GET "/users/99" for ::1 at 2020-09-02 15:37:15 -0700
Processing by UsersController#show as */*
  Parameters: {"id"=>"99"}
Completed 200 OK in 4ms (Views: 0.2ms | ActiveRecord: 0.0ms)


Started GET "/users/5" for 127.0.0.1 at 2020-09-02 15:38:15 -0700
Processing by UsersController#show as */*
  Parameters: {"id"=>"5"}
Completed 200 OK in 0ms (Views: 0.1ms | ActiveRecord: 0.0ms)


Started GET "/users" for ::1 at 2020-09-02 15:41:35 -0700
Processing by UsersController#index as */*
Completed 200 OK in 0ms (Views: 0.1ms | ActiveRecord: 0.0ms)


Started GET "/users" for ::1 at 2020-09-02 15:41:37 -0700
Processing by UsersController#index as */*
Completed 200 OK in 0ms (Views: 0.1ms | ActiveRecord: 0.0ms)


Started GET "/users" for ::1 at 2020-09-02 15:41:53 -0700
Processing by UsersController#index as */*
Completed 200 OK in 0ms (Views: 0.1ms | ActiveRecord: 0.0ms)


Started GET "/users" for ::1 at 2020-09-02 15:41:54 -0700
Processing by UsersController#index as */*
Completed 200 OK in 0ms (Views: 0.1ms | ActiveRecord: 0.0ms)


Started GET "/users" for ::1 at 2020-09-02 15:41:55 -0700
Processing by UsersController#index as */*
Completed 200 OK in 0ms (Views: 0.1ms | ActiveRecord: 0.0ms)


Started GET "/users" for ::1 at 2020-09-02 15:41:56 -0700
Processing by UsersController#index as */*
Completed 200 OK in 0ms (Views: 0.1ms | ActiveRecord: 0.0ms)


Started GET "/users" for ::1 at 2020-09-02 15:42:08 -0700
Processing by UsersController#index as */*
Completed 200 OK in 0ms (Views: 0.1ms | ActiveRecord: 0.0ms)


Started GET "/users" for ::1 at 2020-09-02 15:42:09 -0700
Processing by UsersController#index as */*
Completed 200 OK in 0ms (Views: 0.1ms | ActiveRecord: 0.0ms)


Started GET "/users" for ::1 at 2020-09-02 15:42:09 -0700
Processing by UsersController#index as */*
Completed 200 OK in 0ms (Views: 0.1ms | ActiveRecord: 0.0ms)


Started GET "/users" for ::1 at 2020-09-02 15:42:55 -0700
Processing by UsersController#index as */*
Completed 200 OK in 3ms (Views: 0.1ms | ActiveRecord: 0.0ms)


Started GET "/users" for ::1 at 2020-09-02 15:43:06 -0700
Processing by UsersController#index as */*
Completed 200 OK in 1ms (Views: 0.1ms | ActiveRecord: 0.0ms)


Started GET "/users" for ::1 at 2020-09-02 15:43:07 -0700
Processing by UsersController#index as */*
Completed 200 OK in 0ms (Views: 0.1ms | ActiveRecord: 0.0ms)


Started GET "/users" for ::1 at 2020-09-02 15:43:08 -0700
Processing by UsersController#index as */*
Completed 200 OK in 0ms (Views: 0.1ms | ActiveRecord: 0.0ms)


Started GET "/" for 127.0.0.1 at 2020-09-02 15:43:31 -0700
Processing by Rails::WelcomeController#index as HTML
  Rendering /home/boosqua/.rbenv/versions/2.5.1/lib/ruby/gems/2.5.0/gems/railties-5.2.4.3/lib/rails/templates/rails/welcome/index.html.erb
  Rendered /home/boosqua/.rbenv/versions/2.5.1/lib/ruby/gems/2.5.0/gems/railties-5.2.4.3/lib/rails/templates/rails/welcome/index.html.erb (1.8ms)
Completed 200 OK in 5ms (Views: 4.1ms | ActiveRecord: 0.0ms)


Started GET "/users" for ::1 at 2020-09-02 15:46:18 -0700
Processing by UsersController#index as */*
Completed 200 OK in 1ms (Views: 0.2ms | ActiveRecord: 0.0ms)


Started GET "/users" for ::1 at 2020-09-02 15:47:48 -0700
Processing by UsersController#index as */*
Completed 200 OK in 3ms (Views: 0.1ms | ActiveRecord: 0.0ms)


Started GET "/users" for ::1 at 2020-09-02 15:47:58 -0700
Processing by UsersController#index as */*
Completed 200 OK in 0ms (Views: 0.1ms | ActiveRecord: 0.0ms)


Started GET "/users" for ::1 at 2020-09-02 15:48:00 -0700
Processing by UsersController#index as */*
Completed 200 OK in 0ms (Views: 0.1ms | ActiveRecord: 0.0ms)


Started GET "/users" for ::1 at 2020-09-02 15:48:01 -0700
Processing by UsersController#index as */*
Completed 200 OK in 0ms (Views: 0.1ms | ActiveRecord: 0.0ms)


Started GET "/users" for ::1 at 2020-09-02 15:48:01 -0700
Processing by UsersController#index as */*
Completed 200 OK in 0ms (Views: 0.1ms | ActiveRecord: 0.0ms)


Started GET "/users" for ::1 at 2020-09-02 15:48:02 -0700
Processing by UsersController#index as */*
Completed 200 OK in 0ms (Views: 0.1ms | ActiveRecord: 0.0ms)


Started GET "/users" for ::1 at 2020-09-02 15:48:02 -0700
Processing by UsersController#index as */*
Completed 200 OK in 0ms (Views: 0.1ms | ActiveRecord: 0.0ms)


Started GET "/users" for ::1 at 2020-09-02 15:48:03 -0700
Processing by UsersController#index as */*
Completed 200 OK in 0ms (Views: 0.1ms | ActiveRecord: 0.0ms)


Started GET "/users" for ::1 at 2020-09-02 15:49:57 -0700
Processing by UsersController#index as */*
Completed 200 OK in 0ms (Views: 0.1ms | ActiveRecord: 0.0ms)


Started GET "/users" for ::1 at 2020-09-02 15:49:57 -0700
Processing by UsersController#index as */*
Completed 200 OK in 0ms (Views: 0.1ms | ActiveRecord: 0.0ms)


Started GET "/users" for ::1 at 2020-09-02 15:49:58 -0700
Processing by UsersController#index as */*
Completed 200 OK in 0ms (Views: 0.1ms | ActiveRecord: 0.0ms)


Started GET "/users" for ::1 at 2020-09-02 15:49:58 -0700
Processing by UsersController#index as */*
Completed 200 OK in 0ms (Views: 0.1ms | ActiveRecord: 0.0ms)


Started GET "/users" for ::1 at 2020-09-02 15:50:57 -0700
Processing by UsersController#index as */*
Completed 200 OK in 3ms (Views: 0.1ms | ActiveRecord: 0.0ms)


Started GET "/users" for ::1 at 2020-09-02 15:51:04 -0700
Processing by UsersController#index as */*
Completed 200 OK in 1ms (Views: 0.1ms | ActiveRecord: 0.0ms)


Started GET "/users" for ::1 at 2020-09-02 15:53:10 -0700
Processing by UsersController#index as */*
Completed 200 OK in 0ms (Views: 0.1ms | ActiveRecord: 0.0ms)


Started GET "/users" for ::1 at 2020-09-02 15:53:11 -0700
Processing by UsersController#index as */*
Completed 200 OK in 0ms (Views: 0.1ms | ActiveRecord: 0.0ms)


Started GET "/users" for ::1 at 2020-09-02 15:53:11 -0700
Processing by UsersController#index as */*
Completed 200 OK in 0ms (Views: 0.1ms | ActiveRecord: 0.0ms)


Started GET "/users" for ::1 at 2020-09-02 15:53:12 -0700
Processing by UsersController#index as */*
Completed 200 OK in 0ms (Views: 0.1ms | ActiveRecord: 0.0ms)


Started GET "/users" for ::1 at 2020-09-02 15:55:20 -0700
Processing by UsersController#index as */*
Completed 200 OK in 1ms (Views: 0.2ms | ActiveRecord: 0.0ms)


Started GET "/users" for ::1 at 2020-09-02 15:55:23 -0700
Processing by UsersController#index as */*
Completed 200 OK in 1ms (Views: 0.2ms | ActiveRecord: 0.0ms)


Started GET "/users" for ::1 at 2020-09-02 15:55:25 -0700
Processing by UsersController#index as */*
Completed 200 OK in 1ms (Views: 0.1ms | ActiveRecord: 0.0ms)


Started GET "/users" for ::1 at 2020-09-02 15:55:27 -0700
Processing by UsersController#index as */*
Completed 200 OK in 1ms (Views: 0.2ms | ActiveRecord: 0.0ms)


Started GET "/users" for ::1 at 2020-09-02 15:55:27 -0700
Processing by UsersController#index as */*
Completed 200 OK in 1ms (Views: 0.2ms | ActiveRecord: 0.0ms)


Started GET "/users" for ::1 at 2020-09-02 15:55:53 -0700
Processing by UsersController#index as */*
Completed 200 OK in 0ms (Views: 0.1ms | ActiveRecord: 0.0ms)


Started GET "/users" for ::1 at 2020-09-02 15:55:55 -0700
Processing by UsersController#index as */*
Completed 200 OK in 0ms (Views: 0.1ms | ActiveRecord: 0.0ms)


Started GET "/users" for ::1 at 2020-09-02 15:55:55 -0700
Processing by UsersController#index as */*
Completed 200 OK in 0ms (Views: 0.1ms | ActiveRecord: 0.0ms)


Started GET "/users" for ::1 at 2020-09-02 15:56:25 -0700
Processing by UsersController#index as */*
Completed 200 OK in 5ms (Views: 0.4ms | ActiveRecord: 0.0ms)


Started GET "/users" for ::1 at 2020-09-02 15:56:32 -0700
Processing by UsersController#index as */*
Completed 200 OK in 1ms (Views: 0.2ms | ActiveRecord: 0.0ms)


Started GET "/users" for ::1 at 2020-09-02 15:56:34 -0700
Processing by UsersController#index as */*
Completed 200 OK in 1ms (Views: 0.2ms | ActiveRecord: 0.0ms)


Started GET "/users" for ::1 at 2020-09-02 15:56:34 -0700
Processing by UsersController#index as */*
Completed 200 OK in 1ms (Views: 0.2ms | ActiveRecord: 0.0ms)


Started GET "/users" for ::1 at 2020-09-02 15:56:35 -0700
Processing by UsersController#index as */*
Completed 200 OK in 0ms (Views: 0.1ms | ActiveRecord: 0.0ms)


Started GET "/users" for ::1 at 2020-09-02 15:56:36 -0700
Processing by UsersController#index as */*
Completed 200 OK in 1ms (Views: 0.2ms | ActiveRecord: 0.0ms)


Started GET "/users" for ::1 at 2020-09-02 15:57:02 -0700
Processing by UsersController#index as */*
Completed 200 OK in 2ms (Views: 0.8ms | ActiveRecord: 0.0ms)


Started GET "/users" for ::1 at 2020-09-02 15:57:04 -0700
Processing by UsersController#index as */*
Completed 200 OK in 1ms (Views: 0.2ms | ActiveRecord: 0.0ms)


Started POST "/users?users[name]=Alvin&users[birthday]=02/03/1992" for ::1 at 2020-09-02 16:04:50 -0700
Processing by UsersController#create as */*
  Parameters: {"users"=>{"name"=>"Alvin", "birthday"=>"02/03/1992"}}
Completed 200 OK in 1ms (Views: 0.2ms | ActiveRecord: 0.0ms)


Started POST "/users?users[name]=Alvin&users[birthday]=02/03/1992&name=Alvin&birthday=02/03/1992" for ::1 at 2020-09-02 16:06:16 -0700
Processing by UsersController#create as */*
  Parameters: {"users"=>{"name"=>"Alvin", "birthday"=>"02/03/1992"}, "name"=>"Alvin", "birthday"=>"02/03/1992"}
Completed 200 OK in 1ms (Views: 0.3ms | ActiveRecord: 0.0ms)


Started POST "/users?users[name]=Alvin&users[birthday]=02/03/1992" for ::1 at 2020-09-02 16:06:42 -0700
Processing by UsersController#create as */*
  Parameters: {"users"=>{"name"=>"Alvin", "birthday"=>"02/03/1992"}}
Completed 200 OK in 1ms (Views: 0.2ms | ActiveRecord: 0.0ms)


Started POST "/users?users[name]=Alvin&users[birthday]=02/03/1992" for ::1 at 2020-09-02 16:06:45 -0700
Processing by UsersController#create as */*
  Parameters: {"users"=>{"name"=>"Alvin", "birthday"=>"02/03/1992"}}
Completed 200 OK in 1ms (Views: 0.4ms | ActiveRecord: 0.0ms)


Started POST "/users?users[name]=Alvin&users[birthday]=02/03/1992" for ::1 at 2020-09-02 16:06:46 -0700
Processing by UsersController#create as */*
  Parameters: {"users"=>{"name"=>"Alvin", "birthday"=>"02/03/1992"}}
Completed 200 OK in 0ms (Views: 0.1ms | ActiveRecord: 0.0ms)


Started POST "/users?users[name]=Alvin&users[birthday]=02/03/1992" for ::1 at 2020-09-02 16:06:47 -0700
Processing by UsersController#create as */*
  Parameters: {"users"=>{"name"=>"Alvin", "birthday"=>"02/03/1992"}}
Completed 200 OK in 1ms (Views: 0.3ms | ActiveRecord: 0.0ms)


Started POST "/users?users[name]=Alvin&users[birthday]=02/03/1992" for ::1 at 2020-09-02 16:06:47 -0700
Processing by UsersController#create as */*
  Parameters: {"users"=>{"name"=>"Alvin", "birthday"=>"02/03/1992"}}
Completed 200 OK in 1ms (Views: 0.2ms | ActiveRecord: 0.0ms)


Started POST "/users?users[name]=Alvin&users[birthday]=02/03/1992" for ::1 at 2020-09-02 16:06:48 -0700
Processing by UsersController#create as */*
  Parameters: {"users"=>{"name"=>"Alvin", "birthday"=>"02/03/1992"}}
Completed 200 OK in 1ms (Views: 0.3ms | ActiveRecord: 0.0ms)


  [1m[35m (16.1ms)[0m  [1m[35mCREATE TABLE "schema_migrations" ("version" character varying NOT NULL PRIMARY KEY)[0m
  ↳ bin/rails:9
  [1m[35m (6.8ms)[0m  [1m[35mCREATE TABLE "ar_internal_metadata" ("key" character varying NOT NULL PRIMARY KEY, "value" character varying, "created_at" timestamp NOT NULL, "updated_at" timestamp NOT NULL)[0m
  ↳ bin/rails:9
  [1m[35m (0.3ms)[0m  [1m[34mSELECT pg_try_advisory_lock(2769799337433944340)[0m
  ↳ bin/rails:9
  [1m[35m (0.8ms)[0m  [1m[34mSELECT "schema_migrations"."version" FROM "schema_migrations" ORDER BY "schema_migrations"."version" ASC[0m
  ↳ bin/rails:9
Migrating to CreateUsers (20200902230921)
  [1m[35m (0.3ms)[0m  [1m[35mBEGIN[0m
  ↳ bin/rails:9
  [1m[35m (8.0ms)[0m  [1m[35mCREATE TABLE "users" ("id" bigserial primary key, "name" character varying NOT NULL, "age" integer NOT NULL, "email" character varying NOT NULL, "created_at" timestamp NOT NULL, "updated_at" timestamp NOT NULL)[0m
  ↳ db/migrate/20200902230921_create_users.rb:3
  [1m[36mActiveRecord::SchemaMigration Create (2.3ms)[0m  [1m[32mINSERT INTO "schema_migrations" ("version") VALUES ($1) RETURNING "version"[0m  [["version", "20200902230921"]]
  ↳ bin/rails:9
  [1m[35m (0.8ms)[0m  [1m[35mCOMMIT[0m
  ↳ bin/rails:9
  [1m[36mActiveRecord::InternalMetadata Load (0.4ms)[0m  [1m[34mSELECT  "ar_internal_metadata".* FROM "ar_internal_metadata" WHERE "ar_internal_metadata"."key" = $1 LIMIT $2[0m  [["key", "environment"], ["LIMIT", 1]]
  ↳ bin/rails:9
  [1m[35m (0.2ms)[0m  [1m[35mBEGIN[0m
  ↳ bin/rails:9
  [1m[36mActiveRecord::InternalMetadata Create (1.3ms)[0m  [1m[32mINSERT INTO "ar_internal_metadata" ("key", "value", "created_at", "updated_at") VALUES ($1, $2, $3, $4) RETURNING "key"[0m  [["key", "environment"], ["value", "development"], ["created_at", "2020-09-02 23:12:11.902457"], ["updated_at", "2020-09-02 23:12:11.902457"]]
  ↳ bin/rails:9
  [1m[35m (1.2ms)[0m  [1m[35mCOMMIT[0m
  ↳ bin/rails:9
  [1m[35m (0.4ms)[0m  [1m[34mSELECT pg_advisory_unlock(2769799337433944340)[0m
  ↳ bin/rails:9
  [1m[35m (0.4ms)[0m  [1m[34mSELECT "schema_migrations"."version" FROM "schema_migrations" ORDER BY "schema_migrations"."version" ASC[0m
  ↳ bin/rails:9
Started GET "/users" for ::1 at 2020-09-02 16:13:56 -0700
  [1m[35m (0.4ms)[0m  [1m[34mSELECT "schema_migrations"."version" FROM "schema_migrations" ORDER BY "schema_migrations"."version" ASC[0m
  ↳ /home/boosqua/.rbenv/versions/2.5.1/lib/ruby/gems/2.5.0/gems/activerecord-5.2.4.3/lib/active_record/log_subscriber.rb:98
Processing by UsersController#index as */*
  [1m[36mUser Load (0.5ms)[0m  [1m[34mSELECT "users".* FROM "users"[0m
  ↳ app/controllers/users_controller.rb:5
Completed 200 OK in 31ms (Views: 1.5ms | ActiveRecord: 1.3ms)


Started GET "/users" for 127.0.0.1 at 2020-09-02 16:14:21 -0700
Processing by UsersController#index as */*
  [1m[36mUser Load (0.4ms)[0m  [1m[34mSELECT "users".* FROM "users"[0m
  ↳ app/controllers/users_controller.rb:5
Completed 200 OK in 3ms (Views: 1.9ms | ActiveRecord: 0.4ms)


  [1m[35m (0.2ms)[0m  [1m[35mBEGIN[0m
  [1m[36mUser Create (0.6ms)[0m  [1m[32mINSERT INTO "users" ("name", "age", "email", "created_at", "updated_at") VALUES ($1, $2, $3, $4, $5) RETURNING "id"[0m  [["name", "Omar Hernandez"], ["age", 28], ["email", "oah232@gmail.com"], ["created_at", "2020-09-02 23:16:41.709103"], ["updated_at", "2020-09-02 23:16:41.709103"]]
  [1m[35m (2.0ms)[0m  [1m[35mCOMMIT[0m
  [1m[35m (0.3ms)[0m  [1m[35mBEGIN[0m
  [1m[36mUser Create (0.5ms)[0m  [1m[32mINSERT INTO "users" ("name", "age", "email", "created_at", "updated_at") VALUES ($1, $2, $3, $4, $5) RETURNING "id"[0m  [["name", "Alvin Chong"], ["age", 26], ["email", "alvinchong-sf@gmail.com"], ["created_at", "2020-09-02 23:17:51.975055"], ["updated_at", "2020-09-02 23:17:51.975055"]]
  [1m[35m (2.5ms)[0m  [1m[35mCOMMIT[0m
  [1m[35m (0.2ms)[0m  [1m[35mBEGIN[0m
  [1m[36mUser Create (0.4ms)[0m  [1m[32mINSERT INTO "users" ("name", "age", "email", "created_at", "updated_at") VALUES ($1, $2, $3, $4, $5) RETURNING "id"[0m  [["name", "Hulk"], ["age", 48], ["email", "hulk_smash@smash.com"], ["created_at", "2020-09-02 23:18:49.421207"], ["updated_at", "2020-09-02 23:18:49.421207"]]
  [1m[35m (2.6ms)[0m  [1m[35mCOMMIT[0m
Started GET "/users" for ::1 at 2020-09-02 16:18:58 -0700
Processing by UsersController#index as */*
  [1m[36mUser Load (0.6ms)[0m  [1m[34mSELECT "users".* FROM "users"[0m
  ↳ app/controllers/users_controller.rb:5
Completed 200 OK in 78ms (Views: 72.7ms | ActiveRecord: 4.9ms)


  [1m[35m (0.2ms)[0m  [1m[35mBEGIN[0m
  [1m[35m (0.3ms)[0m  [1m[31mROLLBACK[0m
  [1m[35m (0.2ms)[0m  [1m[35mBEGIN[0m
  [1m[36mUser Create (0.5ms)[0m  [1m[32mINSERT INTO "users" ("name", "age", "email", "created_at", "updated_at") VALUES ($1, $2, $3, $4, $5) RETURNING "id"[0m  [["name", "Phil"], ["age", 28], ["email", "homeless@gmail.com"], ["created_at", "2020-09-02 23:22:56.073250"], ["updated_at", "2020-09-02 23:22:56.073250"]]
  [1m[35m (2.8ms)[0m  [1m[35mCOMMIT[0m
Started GET "/users" for ::1 at 2020-09-02 16:23:05 -0700
Processing by UsersController#index as */*
  [1m[36mUser Load (0.4ms)[0m  [1m[34mSELECT "users".* FROM "users"[0m
  ↳ app/controllers/users_controller.rb:5
Completed 200 OK in 4ms (Views: 2.8ms | ActiveRecord: 0.4ms)


Started GET "/users" for ::1 at 2020-09-02 16:24:17 -0700
Processing by UsersController#index as */*
  [1m[36mUser Load (0.4ms)[0m  [1m[34mSELECT "users".* FROM "users"[0m
  ↳ app/controllers/users_controller.rb:5
Completed 200 OK in 4ms (Views: 2.9ms | ActiveRecord: 0.4ms)


Started GET "/users" for 127.0.0.1 at 2020-09-02 16:24:23 -0700
Processing by UsersController#index as */*
  [1m[36mUser Load (0.3ms)[0m  [1m[34mSELECT "users".* FROM "users"[0m
  ↳ app/controllers/users_controller.rb:5
Completed 200 OK in 2ms (Views: 1.6ms | ActiveRecord: 0.3ms)


Started POST "/users" for ::1 at 2020-09-02 16:31:37 -0700
  [1m[35m (0.3ms)[0m  [1m[34mSELECT "schema_migrations"."version" FROM "schema_migrations" ORDER BY "schema_migrations"."version" ASC[0m
  ↳ /home/boosqua/.rbenv/versions/2.5.1/lib/ruby/gems/2.5.0/gems/activerecord-5.2.4.3/lib/active_record/log_subscriber.rb:98
Processing by UsersController#create as */*
  Parameters: {"user"=>{"name"=>"Brandon Bonzani", "age"=>"28", "email"=>"im_a_sloot@gmail.com"}}
  [1m[35m (0.3ms)[0m  [1m[35mBEGIN[0m
  ↳ app/controllers/users_controller.rb:13
  [1m[36mUser Create (0.5ms)[0m  [1m[32mINSERT INTO "users" ("name", "age", "email", "created_at", "updated_at") VALUES ($1, $2, $3, $4, $5) RETURNING "id"[0m  [["name", "Brandon Bonzani"], ["age", 28], ["email", "im_a_sloot@gmail.com"], ["created_at", "2020-09-02 23:31:38.030561"], ["updated_at", "2020-09-02 23:31:38.030561"]]
  ↳ app/controllers/users_controller.rb:13
  [1m[35m (2.7ms)[0m  [1m[35mCOMMIT[0m
  ↳ app/controllers/users_controller.rb:13
Redirected to http://localhost:3000/users.5
Completed 302 Found in 51ms (ActiveRecord: 6.7ms)


Started GET "/users.5" for ::1 at 2020-09-02 16:31:38 -0700
Processing by UsersController#index as 
  [1m[36mUser Load (1.0ms)[0m  [1m[34mSELECT "users".* FROM "users"[0m
  ↳ app/controllers/users_controller.rb:5
Completed 200 OK in 8ms (Views: 6.0ms | ActiveRecord: 1.0ms)


Started POST "/users" for 127.0.0.1 at 2020-09-02 16:32:22 -0700
Processing by UsersController#create as */*
  Parameters: {"user"=>{"name"=>"Black Widow", "age"=>"25", "email"=>"black_widow@avengers.com"}}
  [1m[35m (0.2ms)[0m  [1m[35mBEGIN[0m
  ↳ app/controllers/users_controller.rb:13
  [1m[36mUser Create (0.3ms)[0m  [1m[32mINSERT INTO "users" ("name", "age", "email", "created_at", "updated_at") VALUES ($1, $2, $3, $4, $5) RETURNING "id"[0m  [["name", "Black Widow"], ["age", 25], ["email", "black_widow@avengers.com"], ["created_at", "2020-09-02 23:32:22.663042"], ["updated_at", "2020-09-02 23:32:22.663042"]]
  ↳ app/controllers/users_controller.rb:13
  [1m[35m (2.1ms)[0m  [1m[35mCOMMIT[0m
  ↳ app/controllers/users_controller.rb:13
Redirected to http://localhost:3000/users.6
Completed 302 Found in 7ms (ActiveRecord: 2.6ms)


Started GET "/users.6" for 127.0.0.1 at 2020-09-02 16:32:22 -0700
Processing by UsersController#index as 
  [1m[36mUser Load (0.4ms)[0m  [1m[34mSELECT "users".* FROM "users"[0m
  ↳ app/controllers/users_controller.rb:5
Completed 200 OK in 4ms (Views: 2.9ms | ActiveRecord: 0.4ms)


Started GET "/users" for ::1 at 2020-09-02 16:32:54 -0700
Processing by UsersController#index as */*
  Parameters: {"user"=>{"name"=>"Brandon Bonzani", "age"=>"28", "email"=>"im_a_sloot@gmail.com"}}
  [1m[36mUser Load (0.4ms)[0m  [1m[34mSELECT "users".* FROM "users"[0m
  ↳ app/controllers/users_controller.rb:5
Completed 200 OK in 5ms (Views: 3.9ms | ActiveRecord: 0.4ms)


Started GET "/users" for ::1 at 2020-09-02 16:33:21 -0700
Processing by UsersController#index as */*
  Parameters: {"user"=>{"name"=>"Brandon Bonzani", "age"=>"28", "email"=>"im_a_sloot@gmail.com"}}
  [1m[36mUser Load (0.4ms)[0m  [1m[34mSELECT "users".* FROM "users"[0m
  ↳ app/controllers/users_controller.rb:5
Completed 200 OK in 6ms (Views: 4.9ms | ActiveRecord: 0.4ms)


Started POST "/users" for ::1 at 2020-09-02 16:33:30 -0700
Processing by UsersController#create as */*
  Parameters: {"user"=>{"name"=>"Brandon Bonzani", "age"=>"28", "email"=>"im_a_sloot@gmail.com"}}
  [1m[35m (0.3ms)[0m  [1m[35mBEGIN[0m
  ↳ app/controllers/users_controller.rb:13
  [1m[36mUser Create (0.4ms)[0m  [1m[32mINSERT INTO "users" ("name", "age", "email", "created_at", "updated_at") VALUES ($1, $2, $3, $4, $5) RETURNING "id"[0m  [["name", "Brandon Bonzani"], ["age", 28], ["email", "im_a_sloot@gmail.com"], ["created_at", "2020-09-02 23:33:30.631612"], ["updated_at", "2020-09-02 23:33:30.631612"]]
  ↳ app/controllers/users_controller.rb:13
  [1m[35m (1.0ms)[0m  [1m[35mCOMMIT[0m
  ↳ app/controllers/users_controller.rb:13
Redirected to http://localhost:3000/users.7
Completed 302 Found in 8ms (ActiveRecord: 1.7ms)


Started GET "/users.7" for ::1 at 2020-09-02 16:33:30 -0700
Processing by UsersController#index as 
  [1m[36mUser Load (0.5ms)[0m  [1m[34mSELECT "users".* FROM "users"[0m
  ↳ app/controllers/users_controller.rb:5
Completed 200 OK in 7ms (Views: 5.7ms | ActiveRecord: 0.5ms)


Started POST "/users" for ::1 at 2020-09-02 16:34:11 -0700
Processing by UsersController#create as */*
  Parameters: {"user"=>{"name"=>"Brandon Bonzani", "age"=>"28", "email"=>"im_a_sloot@gmail.com"}}
  [1m[35m (0.3ms)[0m  [1m[35mBEGIN[0m
  ↳ app/controllers/users_controller.rb:13
  [1m[36mUser Create (0.6ms)[0m  [1m[32mINSERT INTO "users" ("name", "age", "email", "created_at", "updated_at") VALUES ($1, $2, $3, $4, $5) RETURNING "id"[0m  [["name", "Brandon Bonzani"], ["age", 28], ["email", "im_a_sloot@gmail.com"], ["created_at", "2020-09-02 23:34:11.439604"], ["updated_at", "2020-09-02 23:34:11.439604"]]
  ↳ app/controllers/users_controller.rb:13
  [1m[35m (1.2ms)[0m  [1m[35mCOMMIT[0m
  ↳ app/controllers/users_controller.rb:13
Redirected to http://localhost:3000/users.8
Completed 302 Found in 10ms (ActiveRecord: 2.1ms)


Started GET "/users.8" for ::1 at 2020-09-02 16:34:11 -0700
Processing by UsersController#index as 
  [1m[36mUser Load (0.6ms)[0m  [1m[34mSELECT "users".* FROM "users"[0m
  ↳ app/controllers/users_controller.rb:5
Completed 200 OK in 8ms (Views: 7.1ms | ActiveRecord: 0.6ms)


Started POST "/users" for ::1 at 2020-09-02 16:34:23 -0700
Processing by UsersController#create as */*
  Parameters: {"user"=>{"name"=>"Brandon Bonzani", "age"=>"28", "email"=>"im_a_sloot@gmail.com"}}
  [1m[35m (0.3ms)[0m  [1m[35mBEGIN[0m
  ↳ app/controllers/users_controller.rb:13
  [1m[36mUser Create (1.6ms)[0m  [1m[32mINSERT INTO "users" ("name", "age", "email", "created_at", "updated_at") VALUES ($1, $2, $3, $4, $5) RETURNING "id"[0m  [["name", "Brandon Bonzani"], ["age", 28], ["email", "im_a_sloot@gmail.com"], ["created_at", "2020-09-02 23:34:23.510190"], ["updated_at", "2020-09-02 23:34:23.510190"]]
  ↳ app/controllers/users_controller.rb:13
  [1m[35m (1.7ms)[0m  [1m[35mCOMMIT[0m
  ↳ app/controllers/users_controller.rb:13
Redirected to http://localhost:3000/users.9
Completed 302 Found in 12ms (ActiveRecord: 3.6ms)


Started GET "/users.9" for ::1 at 2020-09-02 16:34:23 -0700
Processing by UsersController#index as 
  [1m[36mUser Load (0.4ms)[0m  [1m[34mSELECT "users".* FROM "users"[0m
  ↳ app/controllers/users_controller.rb:5
Completed 200 OK in 6ms (Views: 4.5ms | ActiveRecord: 0.4ms)


  [1m[35m (0.2ms)[0m  [1m[34mSELECT pg_try_advisory_lock(2769799337433944340)[0m
  ↳ bin/rails:9
  [1m[35m (0.5ms)[0m  [1m[34mSELECT "schema_migrations"."version" FROM "schema_migrations" ORDER BY "schema_migrations"."version" ASC[0m
  ↳ bin/rails:9
Migrating to UpdateUsers (20200902233554)
  [1m[35m (0.2ms)[0m  [1m[35mBEGIN[0m
  ↳ bin/rails:9
  [1m[35m (0.6ms)[0m  [1m[35mALTER TABLE "users" ALTER COLUMN "email" TYPE character varying[0m
  ↳ db/migrate/20200902233554_update_users.rb:3
  [1m[36mActiveRecord::SchemaMigration Create (0.4ms)[0m  [1m[32mINSERT INTO "schema_migrations" ("version") VALUES ($1) RETURNING "version"[0m  [["version", "20200902233554"]]
  ↳ bin/rails:9
  [1m[35m (53.3ms)[0m  [1m[35mCOMMIT[0m
  ↳ bin/rails:9
  [1m[36mActiveRecord::InternalMetadata Load (0.4ms)[0m  [1m[34mSELECT  "ar_internal_metadata".* FROM "ar_internal_metadata" WHERE "ar_internal_metadata"."key" = $1 LIMIT $2[0m  [["key", "environment"], ["LIMIT", 1]]
  ↳ bin/rails:9
  [1m[35m (0.2ms)[0m  [1m[35mBEGIN[0m
  ↳ bin/rails:9
  [1m[35m (0.2ms)[0m  [1m[35mCOMMIT[0m
  ↳ bin/rails:9
  [1m[35m (0.4ms)[0m  [1m[34mSELECT pg_advisory_unlock(2769799337433944340)[0m
  ↳ bin/rails:9
  [1m[35m (0.4ms)[0m  [1m[34mSELECT "schema_migrations"."version" FROM "schema_migrations" ORDER BY "schema_migrations"."version" ASC[0m
  ↳ bin/rails:9
Started POST "/users" for ::1 at 2020-09-02 16:37:15 -0700
  [1m[35m (0.3ms)[0m  [1m[34mSELECT "schema_migrations"."version" FROM "schema_migrations" ORDER BY "schema_migrations"."version" ASC[0m
  ↳ /home/boosqua/.rbenv/versions/2.5.1/lib/ruby/gems/2.5.0/gems/activerecord-5.2.4.3/lib/active_record/log_subscriber.rb:98
Processing by UsersController#create as */*
  Parameters: {"user"=>{"name"=>"Brandon Bonzani", "age"=>"28", "email"=>"im_a_sloot@gmail.com"}}
  [1m[35m (0.2ms)[0m  [1m[35mBEGIN[0m
  ↳ app/controllers/users_controller.rb:13
  [1m[36mUser Create (0.6ms)[0m  [1m[32mINSERT INTO "users" ("name", "age", "email", "created_at", "updated_at") VALUES ($1, $2, $3, $4, $5) RETURNING "id"[0m  [["name", "Brandon Bonzani"], ["age", 28], ["email", "im_a_sloot@gmail.com"], ["created_at", "2020-09-02 23:37:15.847355"], ["updated_at", "2020-09-02 23:37:15.847355"]]
  ↳ app/controllers/users_controller.rb:13
  [1m[35m (1.2ms)[0m  [1m[35mCOMMIT[0m
  ↳ app/controllers/users_controller.rb:13
Redirected to http://localhost:3000/users.10
Completed 302 Found in 10ms (ActiveRecord: 2.0ms)


Started GET "/users.10" for ::1 at 2020-09-02 16:37:15 -0700
Processing by UsersController#index as 
  [1m[36mUser Load (0.7ms)[0m  [1m[34mSELECT "users".* FROM "users"[0m
  ↳ app/controllers/users_controller.rb:5
Completed 200 OK in 7ms (Views: 5.6ms | ActiveRecord: 0.7ms)


  [1m[35m (0.2ms)[0m  [1m[34mSELECT pg_try_advisory_lock(2769799337433944340)[0m
  ↳ bin/rails:9
  [1m[35m (0.4ms)[0m  [1m[34mSELECT "schema_migrations"."version" FROM "schema_migrations" ORDER BY "schema_migrations"."version" ASC[0m
  ↳ bin/rails:9
Migrating to UpdateUser (20200902233739)
  [1m[35m (0.2ms)[0m  [1m[35mBEGIN[0m
  ↳ bin/rails:9
  [1m[35m (3.7ms)[0m  [1m[35mCREATE UNIQUE INDEX  "index_users_on_email" ON "users"  ("email")[0m
  ↳ db/migrate/20200902233739_update_user.rb:3
  [1m[35m (0.3ms)[0m  [1m[31mROLLBACK[0m
  ↳ bin/rails:9
  [1m[35m (0.3ms)[0m  [1m[34mSELECT pg_advisory_unlock(2769799337433944340)[0m
  ↳ bin/rails:9
  [1m[36mUser Load (0.3ms)[0m  [1m[34mSELECT  "users".* FROM "users" ORDER BY "users"."id" DESC LIMIT $1[0m  [["LIMIT", 1]]
  [1m[36mUser Destroy (3.2ms)[0m  [1m[31mDELETE FROM "users" WHERE "users"."id" = $1[0m  [["id", 10]]
  [1m[36mUser Load (0.3ms)[0m  [1m[34mSELECT  "users".* FROM "users" ORDER BY "users"."id" DESC LIMIT $1[0m  [["LIMIT", 1]]
  [1m[36mUser Destroy (2.6ms)[0m  [1m[31mDELETE FROM "users" WHERE "users"."id" = $1[0m  [["id", 9]]
  [1m[36mUser Load (0.4ms)[0m  [1m[34mSELECT  "users".* FROM "users" ORDER BY "users"."id" DESC LIMIT $1[0m  [["LIMIT", 1]]
  [1m[36mUser Destroy (2.7ms)[0m  [1m[31mDELETE FROM "users" WHERE "users"."id" = $1[0m  [["id", 8]]
Started GET "/users" for ::1 at 2020-09-02 16:38:51 -0700
  [1m[35m (0.6ms)[0m  [1m[34mSELECT "schema_migrations"."version" FROM "schema_migrations" ORDER BY "schema_migrations"."version" ASC[0m
  ↳ /home/boosqua/.rbenv/versions/2.5.1/lib/ruby/gems/2.5.0/gems/activerecord-5.2.4.3/lib/active_record/log_subscriber.rb:98

ActiveRecord::PendingMigrationError - Migrations are pending. To resolve this issue, run:

        bin/rails db:migrate RAILS_ENV=development

:

  [1m[36mUser Load (0.6ms)[0m  [1m[34mSELECT "users".* FROM "users"[0m
  [1m[36mUser Load (0.4ms)[0m  [1m[34mSELECT  "users".* FROM "users" ORDER BY "users"."id" DESC LIMIT $1[0m  [["LIMIT", 1]]
  [1m[36mUser Destroy (3.1ms)[0m  [1m[31mDELETE FROM "users" WHERE "users"."id" = $1[0m  [["id", 7]]
  [1m[36mUser Load (0.6ms)[0m  [1m[34mSELECT "users".* FROM "users"[0m
  [1m[35m (0.2ms)[0m  [1m[34mSELECT pg_try_advisory_lock(2769799337433944340)[0m
  ↳ bin/rails:9
  [1m[35m (0.6ms)[0m  [1m[34mSELECT "schema_migrations"."version" FROM "schema_migrations" ORDER BY "schema_migrations"."version" ASC[0m
  ↳ bin/rails:9
Migrating to UpdateUser (20200902233739)
  [1m[35m (0.2ms)[0m  [1m[35mBEGIN[0m
  ↳ bin/rails:9
  [1m[35m (7.2ms)[0m  [1m[35mCREATE UNIQUE INDEX  "index_users_on_email" ON "users"  ("email")[0m
  ↳ db/migrate/20200902233739_update_user.rb:3
  [1m[36mActiveRecord::SchemaMigration Create (0.6ms)[0m  [1m[32mINSERT INTO "schema_migrations" ("version") VALUES ($1) RETURNING "version"[0m  [["version", "20200902233739"]]
  ↳ bin/rails:9
  [1m[35m (1.8ms)[0m  [1m[35mCOMMIT[0m
  ↳ bin/rails:9
  [1m[36mActiveRecord::InternalMetadata Load (0.3ms)[0m  [1m[34mSELECT  "ar_internal_metadata".* FROM "ar_internal_metadata" WHERE "ar_internal_metadata"."key" = $1 LIMIT $2[0m  [["key", "environment"], ["LIMIT", 1]]
  ↳ bin/rails:9
  [1m[35m (0.3ms)[0m  [1m[35mBEGIN[0m
  ↳ bin/rails:9
  [1m[35m (0.2ms)[0m  [1m[35mCOMMIT[0m
  ↳ bin/rails:9
  [1m[35m (0.4ms)[0m  [1m[34mSELECT pg_advisory_unlock(2769799337433944340)[0m
  ↳ bin/rails:9
  [1m[35m (0.5ms)[0m  [1m[34mSELECT "schema_migrations"."version" FROM "schema_migrations" ORDER BY "schema_migrations"."version" ASC[0m
  ↳ bin/rails:9
Started GET "/users" for ::1 at 2020-09-02 16:39:27 -0700
  [1m[35m (0.6ms)[0m  [1m[34mSELECT "schema_migrations"."version" FROM "schema_migrations" ORDER BY "schema_migrations"."version" ASC[0m
  ↳ /home/boosqua/.rbenv/versions/2.5.1/lib/ruby/gems/2.5.0/gems/activerecord-5.2.4.3/lib/active_record/log_subscriber.rb:98
Processing by UsersController#index as */*
  Parameters: {"user"=>{"name"=>"Brandon Bonzani", "age"=>"28", "email"=>"im_a_sloot@gmail.com"}}
  [1m[36mUser Load (0.9ms)[0m  [1m[34mSELECT "users".* FROM "users"[0m
  ↳ app/controllers/users_controller.rb:5
Completed 200 OK in 5ms (Views: 3.7ms | ActiveRecord: 0.9ms)


Started GET "/users" for ::1 at 2020-09-02 16:39:31 -0700
Processing by UsersController#index as */*
  Parameters: {"user"=>{"name"=>"Brandon Bonzani", "age"=>"28", "email"=>"im_a_sloot@gmail.com"}}
  [1m[36mUser Load (0.5ms)[0m  [1m[34mSELECT "users".* FROM "users"[0m
  ↳ app/controllers/users_controller.rb:5
Completed 200 OK in 6ms (Views: 5.0ms | ActiveRecord: 0.5ms)


Started POST "/users" for ::1 at 2020-09-02 16:40:37 -0700
Processing by UsersController#create as */*
  Parameters: {"user"=>{"name"=>"Brandon Bonzani", "age"=>"28", "email"=>"im_a_sloot@gmail.com"}}
  [1m[35m (0.3ms)[0m  [1m[35mBEGIN[0m
  ↳ app/controllers/users_controller.rb:13
  [1m[36mUser Create (1.8ms)[0m  [1m[32mINSERT INTO "users" ("name", "age", "email", "created_at", "updated_at") VALUES ($1, $2, $3, $4, $5) RETURNING "id"[0m  [["name", "Brandon Bonzani"], ["age", 28], ["email", "im_a_sloot@gmail.com"], ["created_at", "2020-09-02 23:40:37.382773"], ["updated_at", "2020-09-02 23:40:37.382773"]]
  ↳ app/controllers/users_controller.rb:13
  [1m[35m (0.2ms)[0m  [1m[31mROLLBACK[0m
  ↳ app/controllers/users_controller.rb:13
Completed 500 Internal Server Error in 7ms (ActiveRecord: 2.3ms)



ActiveRecord::RecordNotUnique - PG::UniqueViolation: ERROR:  duplicate key value violates unique constraint "index_users_on_email"
DETAIL:  Key (email)=(im_a_sloot@gmail.com) already exists.
: INSERT INTO "users" ("name", "age", "email", "created_at", "updated_at") VALUES ($1, $2, $3, $4, $5) RETURNING "id":
  app/controllers/users_controller.rb:13:in `create'

Started POST "/users" for 127.0.0.1 at 2020-09-02 16:40:57 -0700
Processing by UsersController#create as */*
  Parameters: {"user"=>{"name"=>"Black Widow", "age"=>"25", "email"=>"black_widow@avengers.com"}}
  [1m[35m (0.2ms)[0m  [1m[35mBEGIN[0m
  ↳ app/controllers/users_controller.rb:13
  [1m[36mUser Create (1.3ms)[0m  [1m[32mINSERT INTO "users" ("name", "age", "email", "created_at", "updated_at") VALUES ($1, $2, $3, $4, $5) RETURNING "id"[0m  [["name", "Black Widow"], ["age", 25], ["email", "black_widow@avengers.com"], ["created_at", "2020-09-02 23:40:57.512891"], ["updated_at", "2020-09-02 23:40:57.512891"]]
  ↳ app/controllers/users_controller.rb:13
  [1m[35m (0.3ms)[0m  [1m[31mROLLBACK[0m
  ↳ app/controllers/users_controller.rb:13
Completed 500 Internal Server Error in 7ms (ActiveRecord: 1.8ms)



ActiveRecord::RecordNotUnique - PG::UniqueViolation: ERROR:  duplicate key value violates unique constraint "index_users_on_email"
DETAIL:  Key (email)=(black_widow@avengers.com) already exists.
: INSERT INTO "users" ("name", "age", "email", "created_at", "updated_at") VALUES ($1, $2, $3, $4, $5) RETURNING "id":
  app/controllers/users_controller.rb:13:in `create'

Started POST "/users" for ::1 at 2020-09-02 16:42:52 -0700
  [1m[35m (0.8ms)[0m  [1m[34mSELECT "schema_migrations"."version" FROM "schema_migrations" ORDER BY "schema_migrations"."version" ASC[0m
  ↳ /home/boosqua/.rbenv/versions/2.5.1/lib/ruby/gems/2.5.0/gems/activerecord-5.2.4.3/lib/active_record/log_subscriber.rb:98
Processing by UsersController#create as */*
  Parameters: {"user"=>{"name"=>"Brandon Bonzani", "age"=>"28", "email"=>"im_a_sloot@gmail.com"}}
  [1m[35m (0.2ms)[0m  [1m[35mBEGIN[0m
  ↳ app/controllers/users_controller.rb:13
  [1m[36mUser Exists (0.5ms)[0m  [1m[34mSELECT  1 AS one FROM "users" WHERE "users"."name" = $1 LIMIT $2[0m  [["name", "Brandon Bonzani"], ["LIMIT", 1]]
  ↳ app/controllers/users_controller.rb:13
  [1m[36mUser Exists (0.7ms)[0m  [1m[34mSELECT  1 AS one FROM "users" WHERE "users"."age" = $1 LIMIT $2[0m  [["age", 28], ["LIMIT", 1]]
  ↳ app/controllers/users_controller.rb:13
  [1m[36mUser Exists (0.6ms)[0m  [1m[34mSELECT  1 AS one FROM "users" WHERE "users"."email" = $1 LIMIT $2[0m  [["email", "im_a_sloot@gmail.com"], ["LIMIT", 1]]
  ↳ app/controllers/users_controller.rb:13
  [1m[35m (0.3ms)[0m  [1m[31mROLLBACK[0m
  ↳ app/controllers/users_controller.rb:13
Completed 422 Unprocessable Entity in 76ms (Views: 0.3ms | ActiveRecord: 5.2ms)


Started POST "/users" for 127.0.0.1 at 2020-09-02 16:43:07 -0700
Processing by UsersController#create as */*
  Parameters: {"user"=>{"name"=>"Black Widow", "age"=>"25", "email"=>"black_widow@avengers.com"}}
  [1m[35m (0.2ms)[0m  [1m[35mBEGIN[0m
  ↳ app/controllers/users_controller.rb:13
  [1m[36mUser Exists (0.5ms)[0m  [1m[34mSELECT  1 AS one FROM "users" WHERE "users"."name" = $1 LIMIT $2[0m  [["name", "Black Widow"], ["LIMIT", 1]]
  ↳ app/controllers/users_controller.rb:13
  [1m[36mUser Exists (0.4ms)[0m  [1m[34mSELECT  1 AS one FROM "users" WHERE "users"."age" = $1 LIMIT $2[0m  [["age", 25], ["LIMIT", 1]]
  ↳ app/controllers/users_controller.rb:13
  [1m[36mUser Exists (0.4ms)[0m  [1m[34mSELECT  1 AS one FROM "users" WHERE "users"."email" = $1 LIMIT $2[0m  [["email", "black_widow@avengers.com"], ["LIMIT", 1]]
  ↳ app/controllers/users_controller.rb:13
  [1m[35m (0.4ms)[0m  [1m[31mROLLBACK[0m
  ↳ app/controllers/users_controller.rb:13
Completed 422 Unprocessable Entity in 15ms (Views: 0.3ms | ActiveRecord: 1.9ms)


Started GET "/users/1" for ::1 at 2020-09-02 16:48:57 -0700
Processing by UsersController#show as */*
  Parameters: {"user"=>{"name"=>"Brandon Bonzani", "age"=>"28", "email"=>"im_a_sloot@gmail.com"}, "id"=>"1"}
Completed 200 OK in 2ms (Views: 0.3ms | ActiveRecord: 0.0ms)


Started GET "/users/1" for ::1 at 2020-09-02 16:49:35 -0700
Processing by UsersController#show as */*
  Parameters: {"user"=>{"name"=>"Brandon Bonzani", "age"=>"28", "email"=>"im_a_sloot@gmail.com"}, "id"=>"1"}
Completed 200 OK in 2ms (Views: 1.1ms | ActiveRecord: 0.0ms)


Started GET "/users/1" for ::1 at 2020-09-02 16:49:49 -0700
Processing by UsersController#show as */*
  Parameters: {"id"=>"1"}
Completed 200 OK in 1ms (Views: 0.2ms | ActiveRecord: 0.0ms)


Started GET "/users/1" for ::1 at 2020-09-02 16:50:10 -0700
  [1m[35m (0.4ms)[0m  [1m[34mSELECT "schema_migrations"."version" FROM "schema_migrations" ORDER BY "schema_migrations"."version" ASC[0m
  ↳ /home/boosqua/.rbenv/versions/2.5.1/lib/ruby/gems/2.5.0/gems/activerecord-5.2.4.3/lib/active_record/log_subscriber.rb:98
Processing by UsersController#show as */*
  Parameters: {"id"=>"1"}
  [1m[36mUser Load (0.7ms)[0m  [1m[34mSELECT  "users".* FROM "users" WHERE "users"."id" = $1 LIMIT $2[0m  [["id", 1], ["LIMIT", 1]]
  ↳ app/controllers/users_controller.rb:8
Completed 200 OK in 46ms (Views: 0.1ms | ActiveRecord: 3.9ms)


Started GET "/users/1" for ::1 at 2020-09-02 16:50:26 -0700
Processing by UsersController#show as */*
  Parameters: {"id"=>"1"}
  [1m[36mUser Load (0.5ms)[0m  [1m[34mSELECT  "users".* FROM "users" WHERE "users"."id" = $1 LIMIT $2[0m  [["id", 1], ["LIMIT", 1]]
  ↳ app/controllers/users_controller.rb:8
Completed 200 OK in 4ms (Views: 0.2ms | ActiveRecord: 0.5ms)


Started GET "/users/1" for ::1 at 2020-09-02 16:50:28 -0700
Processing by UsersController#show as */*
  Parameters: {"id"=>"1"}
  [1m[36mUser Load (0.5ms)[0m  [1m[34mSELECT  "users".* FROM "users" WHERE "users"."id" = $1 LIMIT $2[0m  [["id", 1], ["LIMIT", 1]]
  ↳ app/controllers/users_controller.rb:8
Completed 200 OK in 4ms (Views: 0.2ms | ActiveRecord: 0.5ms)


Started GET "/users/1" for ::1 at 2020-09-02 16:52:55 -0700
  [1m[35m (0.4ms)[0m  [1m[34mSELECT "schema_migrations"."version" FROM "schema_migrations" ORDER BY "schema_migrations"."version" ASC[0m
  ↳ /home/boosqua/.rbenv/versions/2.5.1/lib/ruby/gems/2.5.0/gems/activerecord-5.2.4.3/lib/active_record/log_subscriber.rb:98
Processing by UsersController#show as */*
  Parameters: {"id"=>"1"}
  [1m[36mUser Load (0.3ms)[0m  [1m[34mSELECT  "users".* FROM "users" WHERE "users"."id" = $1 LIMIT $2[0m  [["id", 1], ["LIMIT", 1]]
  ↳ app/controllers/users_controller.rb:8
Completed 200 OK in 44ms (Views: 0.5ms | ActiveRecord: 4.4ms)


Started GET "/users/8" for ::1 at 2020-09-02 16:53:02 -0700
Processing by UsersController#show as */*
  Parameters: {"id"=>"8"}
  [1m[36mUser Load (0.3ms)[0m  [1m[34mSELECT  "users".* FROM "users" WHERE "users"."id" = $1 LIMIT $2[0m  [["id", 8], ["LIMIT", 1]]
  ↳ app/controllers/users_controller.rb:8
Completed 404 Not Found in 3ms (ActiveRecord: 0.3ms)



ActiveRecord::RecordNotFound - Couldn't find User with 'id'=8:
  app/controllers/users_controller.rb:8:in `show'

Started GET "/users/7" for ::1 at 2020-09-02 16:53:08 -0700
Processing by UsersController#show as */*
  Parameters: {"id"=>"7"}
  [1m[36mUser Load (0.4ms)[0m  [1m[34mSELECT  "users".* FROM "users" WHERE "users"."id" = $1 LIMIT $2[0m  [["id", 7], ["LIMIT", 1]]
  ↳ app/controllers/users_controller.rb:8
Completed 404 Not Found in 3ms (ActiveRecord: 0.4ms)



ActiveRecord::RecordNotFound - Couldn't find User with 'id'=7:
  app/controllers/users_controller.rb:8:in `show'

Started GET "/users/6" for ::1 at 2020-09-02 16:53:13 -0700
Processing by UsersController#show as */*
  Parameters: {"id"=>"6"}
  [1m[36mUser Load (0.3ms)[0m  [1m[34mSELECT  "users".* FROM "users" WHERE "users"."id" = $1 LIMIT $2[0m  [["id", 6], ["LIMIT", 1]]
  ↳ app/controllers/users_controller.rb:8
Completed 200 OK in 3ms (Views: 0.8ms | ActiveRecord: 0.3ms)


Started GET "/users" for ::1 at 2020-09-02 16:53:25 -0700
Processing by UsersController#index as */*
  [1m[36mUser Load (0.6ms)[0m  [1m[34mSELECT "users".* FROM "users"[0m
  ↳ app/controllers/users_controller.rb:5
Completed 200 OK in 7ms (Views: 5.5ms | ActiveRecord: 0.6ms)


Started GET "/users" for 127.0.0.1 at 2020-09-02 16:53:31 -0700
Processing by UsersController#index as */*
  Parameters: {"user"=>{"name"=>"Black Widow", "age"=>"25", "email"=>"black_widow@avengers.com"}}
  [1m[36mUser Load (0.3ms)[0m  [1m[34mSELECT "users".* FROM "users"[0m
  ↳ app/controllers/users_controller.rb:5
Completed 200 OK in 4ms (Views: 3.3ms | ActiveRecord: 0.3ms)


Started GET "/users/6" for 127.0.0.1 at 2020-09-02 16:54:15 -0700
Processing by UsersController#show as */*
  Parameters: {"user"=>{"name"=>"Black Widow", "age"=>"25", "email"=>"black_widow@avengers.com"}, "id"=>"6"}
  [1m[36mUser Load (0.4ms)[0m  [1m[34mSELECT  "users".* FROM "users" WHERE "users"."id" = $1 LIMIT $2[0m  [["id", 6], ["LIMIT", 1]]
  ↳ app/controllers/users_controller.rb:8
Completed 200 OK in 3ms (Views: 0.3ms | ActiveRecord: 0.4ms)


Started GET "/users" for 127.0.0.1 at 2020-09-02 16:57:45 -0700
  [1m[35m (0.4ms)[0m  [1m[34mSELECT "schema_migrations"."version" FROM "schema_migrations" ORDER BY "schema_migrations"."version" ASC[0m
  ↳ /home/boosqua/.rbenv/versions/2.5.1/lib/ruby/gems/2.5.0/gems/activerecord-5.2.4.3/lib/active_record/log_subscriber.rb:98
Processing by UsersController#index as */*
  Parameters: {"user"=>{"name"=>"Black Widow", "age"=>"25", "email"=>"black_widow@avengers.com"}}
  [1m[36mUser Load (0.6ms)[0m  [1m[34mSELECT "users".* FROM "users"[0m
  ↳ app/controllers/users_controller.rb:5
Completed 200 OK in 57ms (Views: 16.3ms | ActiveRecord: 5.5ms)


Started PATCH "/users/5" for ::1 at 2020-09-02 16:57:45 -0700
Processing by UsersController#update as */*
  Parameters: {"user"=>{"email"=>"appropriate_email@gmail.com"}, "id"=>"5"}
  [1m[36mUser Load (0.4ms)[0m  [1m[34mSELECT  "users".* FROM "users" WHERE "users"."id" = $1 LIMIT $2[0m  [["id", 5], ["LIMIT", 1]]
  ↳ app/controllers/users_controller.rb:22
  [1m[35m (0.4ms)[0m  [1m[35mBEGIN[0m
  ↳ app/controllers/users_controller.rb:24
  [1m[36mUser Exists (0.6ms)[0m  [1m[34mSELECT  1 AS one FROM "users" WHERE "users"."name" = $1 AND "users"."id" != $2 LIMIT $3[0m  [["name", "Brandon Bonzani"], ["id", 5], ["LIMIT", 1]]
  ↳ app/controllers/users_controller.rb:24
  [1m[36mUser Exists (0.4ms)[0m  [1m[34mSELECT  1 AS one FROM "users" WHERE "users"."age" = $1 AND "users"."id" != $2 LIMIT $3[0m  [["age", 28], ["id", 5], ["LIMIT", 1]]
  ↳ app/controllers/users_controller.rb:24
  [1m[36mUser Exists (0.8ms)[0m  [1m[34mSELECT  1 AS one FROM "users" WHERE "users"."email" = $1 AND "users"."id" != $2 LIMIT $3[0m  [["email", "appropriate_email@gmail.com"], ["id", 5], ["LIMIT", 1]]
  ↳ app/controllers/users_controller.rb:24
  [1m[35m (0.5ms)[0m  [1m[31mROLLBACK[0m
  ↳ app/controllers/users_controller.rb:24
Completed 500 Internal Server Error in 174ms (ActiveRecord: 3.4ms)



NoMethodError - undefined method `json' for #<UsersController:0x000055ab91424568>
Did you mean?  JSON:
  app/controllers/users_controller.rb:27:in `update'

Started PATCH "/users/5" for ::1 at 2020-09-02 16:58:10 -0700
  [1m[35m (0.9ms)[0m  [1m[34mSELECT "schema_migrations"."version" FROM "schema_migrations" ORDER BY "schema_migrations"."version" ASC[0m
  ↳ /home/boosqua/.rbenv/versions/2.5.1/lib/ruby/gems/2.5.0/gems/activerecord-5.2.4.3/lib/active_record/log_subscriber.rb:98
Processing by UsersController#update as */*
  Parameters: {"user"=>{"email"=>"appropriate_email@gmail.com"}, "id"=>"5"}
  [1m[36mUser Load (0.4ms)[0m  [1m[34mSELECT  "users".* FROM "users" WHERE "users"."id" = $1 LIMIT $2[0m  [["id", 5], ["LIMIT", 1]]
  ↳ app/controllers/users_controller.rb:22
  [1m[35m (0.3ms)[0m  [1m[35mBEGIN[0m
  ↳ app/controllers/users_controller.rb:24
  [1m[36mUser Exists (0.7ms)[0m  [1m[34mSELECT  1 AS one FROM "users" WHERE "users"."name" = $1 AND "users"."id" != $2 LIMIT $3[0m  [["name", "Brandon Bonzani"], ["id", 5], ["LIMIT", 1]]
  ↳ app/controllers/users_controller.rb:24
  [1m[36mUser Exists (0.4ms)[0m  [1m[34mSELECT  1 AS one FROM "users" WHERE "users"."age" = $1 AND "users"."id" != $2 LIMIT $3[0m  [["age", 28], ["id", 5], ["LIMIT", 1]]
  ↳ app/controllers/users_controller.rb:24
  [1m[36mUser Exists (0.4ms)[0m  [1m[34mSELECT  1 AS one FROM "users" WHERE "users"."email" = $1 AND "users"."id" != $2 LIMIT $3[0m  [["email", "appropriate_email@gmail.com"], ["id", 5], ["LIMIT", 1]]
  ↳ app/controllers/users_controller.rb:24
  [1m[35m (0.2ms)[0m  [1m[31mROLLBACK[0m
  ↳ app/controllers/users_controller.rb:24
Completed 422 Unprocessable Entity in 89ms (Views: 0.2ms | ActiveRecord: 8.0ms)


Started GET "/users/5" for ::1 at 2020-09-02 16:58:26 -0700
Processing by UsersController#show as */*
  Parameters: {"user"=>{"email"=>"appropriate_email@gmail.com"}, "id"=>"5"}
  [1m[36mUser Load (0.5ms)[0m  [1m[34mSELECT  "users".* FROM "users" WHERE "users"."id" = $1 LIMIT $2[0m  [["id", 5], ["LIMIT", 1]]
  ↳ app/controllers/users_controller.rb:8
Completed 200 OK in 4ms (Views: 0.9ms | ActiveRecord: 0.5ms)


Started PATCH "/users/5" for ::1 at 2020-09-02 16:58:34 -0700
Processing by UsersController#update as */*
  Parameters: {"user"=>{"email"=>"appropriate_email@gmail.com"}, "id"=>"5"}
  [1m[36mUser Load (0.5ms)[0m  [1m[34mSELECT  "users".* FROM "users" WHERE "users"."id" = $1 LIMIT $2[0m  [["id", 5], ["LIMIT", 1]]
  ↳ app/controllers/users_controller.rb:22
  [1m[35m (0.3ms)[0m  [1m[35mBEGIN[0m
  ↳ app/controllers/users_controller.rb:24
  [1m[36mUser Exists (1.1ms)[0m  [1m[34mSELECT  1 AS one FROM "users" WHERE "users"."name" = $1 AND "users"."id" != $2 LIMIT $3[0m  [["name", "Brandon Bonzani"], ["id", 5], ["LIMIT", 1]]
  ↳ app/controllers/users_controller.rb:24
  [1m[36mUser Exists (1.0ms)[0m  [1m[34mSELECT  1 AS one FROM "users" WHERE "users"."age" = $1 AND "users"."id" != $2 LIMIT $3[0m  [["age", 28], ["id", 5], ["LIMIT", 1]]
  ↳ app/controllers/users_controller.rb:24
  [1m[36mUser Exists (0.5ms)[0m  [1m[34mSELECT  1 AS one FROM "users" WHERE "users"."email" = $1 AND "users"."id" != $2 LIMIT $3[0m  [["email", "appropriate_email@gmail.com"], ["id", 5], ["LIMIT", 1]]
  ↳ app/controllers/users_controller.rb:24
  [1m[35m (0.3ms)[0m  [1m[31mROLLBACK[0m
  ↳ app/controllers/users_controller.rb:24
Completed 422 Unprocessable Entity in 28ms (Views: 0.2ms | ActiveRecord: 3.8ms)


Started PATCH "/users/2" for 127.0.0.1 at 2020-09-02 16:58:49 -0700
Processing by UsersController#update as */*
  Parameters: {"user"=>{"name"=>"Chong Alvin ", "age"=>"81", "email"=>"black_widow@avengers.com"}, "id"=>"2"}
  [1m[36mUser Load (0.5ms)[0m  [1m[34mSELECT  "users".* FROM "users" WHERE "users"."id" = $1 LIMIT $2[0m  [["id", 2], ["LIMIT", 1]]
  ↳ app/controllers/users_controller.rb:22
  [1m[35m (0.3ms)[0m  [1m[35mBEGIN[0m
  ↳ app/controllers/users_controller.rb:24
  [1m[36mUser Exists (0.4ms)[0m  [1m[34mSELECT  1 AS one FROM "users" WHERE "users"."name" = $1 AND "users"."id" != $2 LIMIT $3[0m  [["name", "Chong Alvin "], ["id", 2], ["LIMIT", 1]]
  ↳ app/controllers/users_controller.rb:24
  [1m[36mUser Exists (0.4ms)[0m  [1m[34mSELECT  1 AS one FROM "users" WHERE "users"."age" = $1 AND "users"."id" != $2 LIMIT $3[0m  [["age", 81], ["id", 2], ["LIMIT", 1]]
  ↳ app/controllers/users_controller.rb:24
  [1m[36mUser Exists (0.3ms)[0m  [1m[34mSELECT  1 AS one FROM "users" WHERE "users"."email" = $1 AND "users"."id" != $2 LIMIT $3[0m  [["email", "black_widow@avengers.com"], ["id", 2], ["LIMIT", 1]]
  ↳ app/controllers/users_controller.rb:24
  [1m[35m (0.7ms)[0m  [1m[31mROLLBACK[0m
  ↳ app/controllers/users_controller.rb:24
Completed 422 Unprocessable Entity in 15ms (Views: 0.1ms | ActiveRecord: 2.5ms)


Started PATCH "/users/5" for ::1 at 2020-09-02 16:59:12 -0700
Processing by UsersController#update as */*
  Parameters: {"user"=>{"email"=>"appropriate_email@gmail.com"}, "id"=>"5"}
  [1m[36mUser Load (0.5ms)[0m  [1m[34mSELECT  "users".* FROM "users" WHERE "users"."id" = $1 LIMIT $2[0m  [["id", 5], ["LIMIT", 1]]
  ↳ app/controllers/users_controller.rb:22
  [1m[35m (0.3ms)[0m  [1m[35mBEGIN[0m
  ↳ app/controllers/users_controller.rb:24
  [1m[36mUser Exists (0.6ms)[0m  [1m[34mSELECT  1 AS one FROM "users" WHERE "users"."name" = $1 AND "users"."id" != $2 LIMIT $3[0m  [["name", "Brandon Bonzani"], ["id", 5], ["LIMIT", 1]]
  ↳ app/controllers/users_controller.rb:24
  [1m[36mUser Exists (0.7ms)[0m  [1m[34mSELECT  1 AS one FROM "users" WHERE "users"."age" = $1 AND "users"."id" != $2 LIMIT $3[0m  [["age", 28], ["id", 5], ["LIMIT", 1]]
  ↳ app/controllers/users_controller.rb:24
  [1m[36mUser Exists (0.5ms)[0m  [1m[34mSELECT  1 AS one FROM "users" WHERE "users"."email" = $1 AND "users"."id" != $2 LIMIT $3[0m  [["email", "appropriate_email@gmail.com"], ["id", 5], ["LIMIT", 1]]
  ↳ app/controllers/users_controller.rb:24
  [1m[35m (0.3ms)[0m  [1m[31mROLLBACK[0m
  ↳ app/controllers/users_controller.rb:24
Completed 422 Unprocessable Entity in 20ms (Views: 0.2ms | ActiveRecord: 2.9ms)


Started PATCH "/users/2" for 127.0.0.1 at 2020-09-02 16:59:13 -0700
Processing by UsersController#update as */*
  Parameters: {"user"=>{"name"=>"Chong Alvin ", "age"=>"81", "email"=>"banana@gmail.com"}, "id"=>"2"}
  [1m[36mUser Load (0.6ms)[0m  [1m[34mSELECT  "users".* FROM "users" WHERE "users"."id" = $1 LIMIT $2[0m  [["id", 2], ["LIMIT", 1]]
  ↳ app/controllers/users_controller.rb:22
  [1m[35m (0.2ms)[0m  [1m[35mBEGIN[0m
  ↳ app/controllers/users_controller.rb:24
  [1m[36mUser Exists (0.5ms)[0m  [1m[34mSELECT  1 AS one FROM "users" WHERE "users"."name" = $1 AND "users"."id" != $2 LIMIT $3[0m  [["name", "Chong Alvin "], ["id", 2], ["LIMIT", 1]]
  ↳ app/controllers/users_controller.rb:24
  [1m[36mUser Exists (0.4ms)[0m  [1m[34mSELECT  1 AS one FROM "users" WHERE "users"."age" = $1 AND "users"."id" != $2 LIMIT $3[0m  [["age", 81], ["id", 2], ["LIMIT", 1]]
  ↳ app/controllers/users_controller.rb:24
  [1m[36mUser Exists (0.4ms)[0m  [1m[34mSELECT  1 AS one FROM "users" WHERE "users"."email" = $1 AND "users"."id" != $2 LIMIT $3[0m  [["email", "banana@gmail.com"], ["id", 2], ["LIMIT", 1]]
  ↳ app/controllers/users_controller.rb:24
  [1m[36mUser Update (0.6ms)[0m  [1m[33mUPDATE "users" SET "email" = $1, "age" = $2, "name" = $3, "updated_at" = $4 WHERE "users"."id" = $5[0m  [["email", "banana@gmail.com"], ["age", 81], ["name", "Chong Alvin "], ["updated_at", "2020-09-02 23:59:13.547615"], ["id", 2]]
  ↳ app/controllers/users_controller.rb:24
  [1m[35m (1.0ms)[0m  [1m[35mCOMMIT[0m
  ↳ app/controllers/users_controller.rb:24
Redirected to http://localhost:3000/users.2
Completed 302 Found in 16ms (ActiveRecord: 3.7ms)


Started GET "/users.2" for 127.0.0.1 at 2020-09-02 16:59:13 -0700
Processing by UsersController#index as 
  [1m[36mUser Load (0.3ms)[0m  [1m[34mSELECT "users".* FROM "users"[0m
  ↳ app/controllers/users_controller.rb:5
Completed 200 OK in 3ms (Views: 2.8ms | ActiveRecord: 0.3ms)


Started PATCH "/users/5" for ::1 at 2020-09-02 16:59:16 -0700
Processing by UsersController#update as */*
  Parameters: {"user"=>{"age"=>"28", "email"=>"appropriate_email@gmail.com"}, "id"=>"5"}
  [1m[36mUser Load (0.3ms)[0m  [1m[34mSELECT  "users".* FROM "users" WHERE "users"."id" = $1 LIMIT $2[0m  [["id", 5], ["LIMIT", 1]]
  ↳ app/controllers/users_controller.rb:22
  [1m[35m (0.2ms)[0m  [1m[35mBEGIN[0m
  ↳ app/controllers/users_controller.rb:24
  [1m[36mUser Exists (0.4ms)[0m  [1m[34mSELECT  1 AS one FROM "users" WHERE "users"."name" = $1 AND "users"."id" != $2 LIMIT $3[0m  [["name", "Brandon Bonzani"], ["id", 5], ["LIMIT", 1]]
  ↳ app/controllers/users_controller.rb:24
  [1m[36mUser Exists (0.4ms)[0m  [1m[34mSELECT  1 AS one FROM "users" WHERE "users"."age" = $1 AND "users"."id" != $2 LIMIT $3[0m  [["age", 28], ["id", 5], ["LIMIT", 1]]
  ↳ app/controllers/users_controller.rb:24
  [1m[36mUser Exists (1.1ms)[0m  [1m[34mSELECT  1 AS one FROM "users" WHERE "users"."email" = $1 AND "users"."id" != $2 LIMIT $3[0m  [["email", "appropriate_email@gmail.com"], ["id", 5], ["LIMIT", 1]]
  ↳ app/controllers/users_controller.rb:24
  [1m[35m (0.3ms)[0m  [1m[31mROLLBACK[0m
  ↳ app/controllers/users_controller.rb:24
Completed 422 Unprocessable Entity in 23ms (Views: 0.2ms | ActiveRecord: 2.7ms)


Started PATCH "/users/5" for ::1 at 2020-09-02 16:59:19 -0700
Processing by UsersController#update as */*
  Parameters: {"user"=>{"name"=>"Brandon Bonzani", "age"=>"28", "email"=>"appropriate_email@gmail.com"}, "id"=>"5"}
  [1m[36mUser Load (0.4ms)[0m  [1m[34mSELECT  "users".* FROM "users" WHERE "users"."id" = $1 LIMIT $2[0m  [["id", 5], ["LIMIT", 1]]
  ↳ app/controllers/users_controller.rb:22
  [1m[35m (0.2ms)[0m  [1m[35mBEGIN[0m
  ↳ app/controllers/users_controller.rb:24
  [1m[36mUser Exists (0.3ms)[0m  [1m[34mSELECT  1 AS one FROM "users" WHERE "users"."name" = $1 AND "users"."id" != $2 LIMIT $3[0m  [["name", "Brandon Bonzani"], ["id", 5], ["LIMIT", 1]]
  ↳ app/controllers/users_controller.rb:24
  [1m[36mUser Exists (0.3ms)[0m  [1m[34mSELECT  1 AS one FROM "users" WHERE "users"."age" = $1 AND "users"."id" != $2 LIMIT $3[0m  [["age", 28], ["id", 5], ["LIMIT", 1]]
  ↳ app/controllers/users_controller.rb:24
  [1m[36mUser Exists (0.3ms)[0m  [1m[34mSELECT  1 AS one FROM "users" WHERE "users"."email" = $1 AND "users"."id" != $2 LIMIT $3[0m  [["email", "appropriate_email@gmail.com"], ["id", 5], ["LIMIT", 1]]
  ↳ app/controllers/users_controller.rb:24
  [1m[35m (0.3ms)[0m  [1m[31mROLLBACK[0m
  ↳ app/controllers/users_controller.rb:24
Completed 422 Unprocessable Entity in 20ms (Views: 0.1ms | ActiveRecord: 2.0ms)


Started PATCH "/users/5" for ::1 at 2020-09-02 16:59:26 -0700
Processing by UsersController#update as */*
  Parameters: {"user"=>{"email"=>"appropriate_email@gmail.com"}, "id"=>"5"}
  [1m[36mUser Load (0.3ms)[0m  [1m[34mSELECT  "users".* FROM "users" WHERE "users"."id" = $1 LIMIT $2[0m  [["id", 5], ["LIMIT", 1]]
  ↳ app/controllers/users_controller.rb:22
  [1m[35m (0.3ms)[0m  [1m[35mBEGIN[0m
  ↳ app/controllers/users_controller.rb:24
  [1m[36mUser Exists (0.5ms)[0m  [1m[34mSELECT  1 AS one FROM "users" WHERE "users"."name" = $1 AND "users"."id" != $2 LIMIT $3[0m  [["name", "Brandon Bonzani"], ["id", 5], ["LIMIT", 1]]
  ↳ app/controllers/users_controller.rb:24
  [1m[36mUser Exists (0.7ms)[0m  [1m[34mSELECT  1 AS one FROM "users" WHERE "users"."age" = $1 AND "users"."id" != $2 LIMIT $3[0m  [["age", 28], ["id", 5], ["LIMIT", 1]]
  ↳ app/controllers/users_controller.rb:24
  [1m[36mUser Exists (0.6ms)[0m  [1m[34mSELECT  1 AS one FROM "users" WHERE "users"."email" = $1 AND "users"."id" != $2 LIMIT $3[0m  [["email", "appropriate_email@gmail.com"], ["id", 5], ["LIMIT", 1]]
  ↳ app/controllers/users_controller.rb:24
  [1m[35m (0.3ms)[0m  [1m[31mROLLBACK[0m
  ↳ app/controllers/users_controller.rb:24
Completed 422 Unprocessable Entity in 16ms (Views: 0.3ms | ActiveRecord: 2.7ms)


Started PATCH "/users/5" for ::1 at 2020-09-02 16:59:28 -0700
Processing by UsersController#update as */*
  Parameters: {"user"=>{"email"=>"appropriate_email@gmail.com"}, "id"=>"5"}
  [1m[36mUser Load (0.5ms)[0m  [1m[34mSELECT  "users".* FROM "users" WHERE "users"."id" = $1 LIMIT $2[0m  [["id", 5], ["LIMIT", 1]]
  ↳ app/controllers/users_controller.rb:22
  [1m[35m (0.3ms)[0m  [1m[35mBEGIN[0m
  ↳ app/controllers/users_controller.rb:24
  [1m[36mUser Exists (0.5ms)[0m  [1m[34mSELECT  1 AS one FROM "users" WHERE "users"."name" = $1 AND "users"."id" != $2 LIMIT $3[0m  [["name", "Brandon Bonzani"], ["id", 5], ["LIMIT", 1]]
  ↳ app/controllers/users_controller.rb:24
  [1m[36mUser Exists (0.4ms)[0m  [1m[34mSELECT  1 AS one FROM "users" WHERE "users"."age" = $1 AND "users"."id" != $2 LIMIT $3[0m  [["age", 28], ["id", 5], ["LIMIT", 1]]
  ↳ app/controllers/users_controller.rb:24
  [1m[36mUser Exists (0.4ms)[0m  [1m[34mSELECT  1 AS one FROM "users" WHERE "users"."email" = $1 AND "users"."id" != $2 LIMIT $3[0m  [["email", "appropriate_email@gmail.com"], ["id", 5], ["LIMIT", 1]]
  ↳ app/controllers/users_controller.rb:24
  [1m[35m (0.3ms)[0m  [1m[31mROLLBACK[0m
  ↳ app/controllers/users_controller.rb:24
Completed 422 Unprocessable Entity in 16ms (Views: 0.1ms | ActiveRecord: 2.4ms)


Started PATCH "/users/5" for ::1 at 2020-09-02 16:59:29 -0700
Processing by UsersController#update as */*
  Parameters: {"user"=>{"email"=>"appropriate_email@gmail.com"}, "id"=>"5"}
  [1m[36mUser Load (0.3ms)[0m  [1m[34mSELECT  "users".* FROM "users" WHERE "users"."id" = $1 LIMIT $2[0m  [["id", 5], ["LIMIT", 1]]
  ↳ app/controllers/users_controller.rb:22
  [1m[35m (0.2ms)[0m  [1m[35mBEGIN[0m
  ↳ app/controllers/users_controller.rb:24
  [1m[36mUser Exists (0.3ms)[0m  [1m[34mSELECT  1 AS one FROM "users" WHERE "users"."name" = $1 AND "users"."id" != $2 LIMIT $3[0m  [["name", "Brandon Bonzani"], ["id", 5], ["LIMIT", 1]]
  ↳ app/controllers/users_controller.rb:24
  [1m[36mUser Exists (0.3ms)[0m  [1m[34mSELECT  1 AS one FROM "users" WHERE "users"."age" = $1 AND "users"."id" != $2 LIMIT $3[0m  [["age", 28], ["id", 5], ["LIMIT", 1]]
  ↳ app/controllers/users_controller.rb:24
  [1m[36mUser Exists (0.3ms)[0m  [1m[34mSELECT  1 AS one FROM "users" WHERE "users"."email" = $1 AND "users"."id" != $2 LIMIT $3[0m  [["email", "appropriate_email@gmail.com"], ["id", 5], ["LIMIT", 1]]
  ↳ app/controllers/users_controller.rb:24
  [1m[35m (0.2ms)[0m  [1m[31mROLLBACK[0m
  ↳ app/controllers/users_controller.rb:24
Completed 422 Unprocessable Entity in 9ms (Views: 0.1ms | ActiveRecord: 1.5ms)


Started PATCH "/users/5" for ::1 at 2020-09-02 16:59:29 -0700
Processing by UsersController#update as */*
  Parameters: {"user"=>{"email"=>"appropriate_email@gmail.com"}, "id"=>"5"}
  [1m[36mUser Load (0.4ms)[0m  [1m[34mSELECT  "users".* FROM "users" WHERE "users"."id" = $1 LIMIT $2[0m  [["id", 5], ["LIMIT", 1]]
  ↳ app/controllers/users_controller.rb:22
  [1m[35m (0.3ms)[0m  [1m[35mBEGIN[0m
  ↳ app/controllers/users_controller.rb:24
  [1m[36mUser Exists (0.6ms)[0m  [1m[34mSELECT  1 AS one FROM "users" WHERE "users"."name" = $1 AND "users"."id" != $2 LIMIT $3[0m  [["name", "Brandon Bonzani"], ["id", 5], ["LIMIT", 1]]
  ↳ app/controllers/users_controller.rb:24
  [1m[36mUser Exists (0.7ms)[0m  [1m[34mSELECT  1 AS one FROM "users" WHERE "users"."age" = $1 AND "users"."id" != $2 LIMIT $3[0m  [["age", 28], ["id", 5], ["LIMIT", 1]]
  ↳ app/controllers/users_controller.rb:24
  [1m[36mUser Exists (0.7ms)[0m  [1m[34mSELECT  1 AS one FROM "users" WHERE "users"."email" = $1 AND "users"."id" != $2 LIMIT $3[0m  [["email", "appropriate_email@gmail.com"], ["id", 5], ["LIMIT", 1]]
  ↳ app/controllers/users_controller.rb:24
  [1m[35m (0.3ms)[0m  [1m[31mROLLBACK[0m
  ↳ app/controllers/users_controller.rb:24
Completed 422 Unprocessable Entity in 27ms (Views: 0.2ms | ActiveRecord: 3.1ms)


Started PATCH "/users/5" for ::1 at 2020-09-02 17:01:14 -0700
Processing by UsersController#update as */*
  Parameters: {"user"=>{"age"=>"29"}, "id"=>"5"}
  [1m[36mUser Load (0.3ms)[0m  [1m[34mSELECT  "users".* FROM "users" WHERE "users"."id" = $1 LIMIT $2[0m  [["id", 5], ["LIMIT", 1]]
  ↳ app/controllers/users_controller.rb:22
  [1m[35m (0.3ms)[0m  [1m[35mBEGIN[0m
  ↳ app/controllers/users_controller.rb:24
  [1m[36mUser Exists (0.6ms)[0m  [1m[34mSELECT  1 AS one FROM "users" WHERE "users"."name" = $1 AND "users"."id" != $2 LIMIT $3[0m  [["name", "Brandon Bonzani"], ["id", 5], ["LIMIT", 1]]
  ↳ app/controllers/users_controller.rb:24
  [1m[36mUser Exists (0.7ms)[0m  [1m[34mSELECT  1 AS one FROM "users" WHERE "users"."age" = $1 AND "users"."id" != $2 LIMIT $3[0m  [["age", 29], ["id", 5], ["LIMIT", 1]]
  ↳ app/controllers/users_controller.rb:24
  [1m[36mUser Exists (0.6ms)[0m  [1m[34mSELECT  1 AS one FROM "users" WHERE "users"."email" = $1 AND "users"."id" != $2 LIMIT $3[0m  [["email", "im_a_sloot@gmail.com"], ["id", 5], ["LIMIT", 1]]
  ↳ app/controllers/users_controller.rb:24
  [1m[36mUser Update (0.5ms)[0m  [1m[33mUPDATE "users" SET "age" = $1, "updated_at" = $2 WHERE "users"."id" = $3[0m  [["age", 29], ["updated_at", "2020-09-03 00:01:14.242826"], ["id", 5]]
  ↳ app/controllers/users_controller.rb:24
  [1m[35m (1.5ms)[0m  [1m[35mCOMMIT[0m
  ↳ app/controllers/users_controller.rb:24
Redirected to http://localhost:3000/users.5
Completed 302 Found in 21ms (ActiveRecord: 4.5ms)


Started GET "/users.5" for ::1 at 2020-09-02 17:01:14 -0700
Processing by UsersController#index as 
  [1m[36mUser Load (0.4ms)[0m  [1m[34mSELECT "users".* FROM "users"[0m
  ↳ app/controllers/users_controller.rb:5
Completed 200 OK in 5ms (Views: 4.4ms | ActiveRecord: 0.4ms)


Started PATCH "/users/5" for ::1 at 2020-09-02 17:01:19 -0700
Processing by UsersController#update as */*
  Parameters: {"user"=>{"age"=>"29", "email"=>"appropriate_email@gmail.com"}, "id"=>"5"}
  [1m[36mUser Load (0.4ms)[0m  [1m[34mSELECT  "users".* FROM "users" WHERE "users"."id" = $1 LIMIT $2[0m  [["id", 5], ["LIMIT", 1]]
  ↳ app/controllers/users_controller.rb:22
  [1m[35m (0.4ms)[0m  [1m[35mBEGIN[0m
  ↳ app/controllers/users_controller.rb:24
  [1m[36mUser Exists (0.7ms)[0m  [1m[34mSELECT  1 AS one FROM "users" WHERE "users"."name" = $1 AND "users"."id" != $2 LIMIT $3[0m  [["name", "Brandon Bonzani"], ["id", 5], ["LIMIT", 1]]
  ↳ app/controllers/users_controller.rb:24
  [1m[36mUser Exists (0.5ms)[0m  [1m[34mSELECT  1 AS one FROM "users" WHERE "users"."age" = $1 AND "users"."id" != $2 LIMIT $3[0m  [["age", 29], ["id", 5], ["LIMIT", 1]]
  ↳ app/controllers/users_controller.rb:24
  [1m[36mUser Exists (0.4ms)[0m  [1m[34mSELECT  1 AS one FROM "users" WHERE "users"."email" = $1 AND "users"."id" != $2 LIMIT $3[0m  [["email", "appropriate_email@gmail.com"], ["id", 5], ["LIMIT", 1]]
  ↳ app/controllers/users_controller.rb:24
  [1m[36mUser Update (0.5ms)[0m  [1m[33mUPDATE "users" SET "email" = $1, "updated_at" = $2 WHERE "users"."id" = $3[0m  [["email", "appropriate_email@gmail.com"], ["updated_at", "2020-09-03 00:01:19.993953"], ["id", 5]]
  ↳ app/controllers/users_controller.rb:24
  [1m[35m (1.7ms)[0m  [1m[35mCOMMIT[0m
  ↳ app/controllers/users_controller.rb:24
Redirected to http://localhost:3000/users.5
Completed 302 Found in 20ms (ActiveRecord: 4.6ms)


Started GET "/users.5" for ::1 at 2020-09-02 17:01:20 -0700
Processing by UsersController#index as 
  [1m[36mUser Load (0.4ms)[0m  [1m[34mSELECT "users".* FROM "users"[0m
  ↳ app/controllers/users_controller.rb:5
Completed 200 OK in 3ms (Views: 2.4ms | ActiveRecord: 0.4ms)


Started PATCH "/users/5" for ::1 at 2020-09-02 17:01:27 -0700
Processing by UsersController#update as */*
  Parameters: {"user"=>{"age"=>"28", "email"=>"appropriate_email@gmail.com"}, "id"=>"5"}
  [1m[36mUser Load (0.3ms)[0m  [1m[34mSELECT  "users".* FROM "users" WHERE "users"."id" = $1 LIMIT $2[0m  [["id", 5], ["LIMIT", 1]]
  ↳ app/controllers/users_controller.rb:22
  [1m[35m (0.5ms)[0m  [1m[35mBEGIN[0m
  ↳ app/controllers/users_controller.rb:24
  [1m[36mUser Exists (0.6ms)[0m  [1m[34mSELECT  1 AS one FROM "users" WHERE "users"."name" = $1 AND "users"."id" != $2 LIMIT $3[0m  [["name", "Brandon Bonzani"], ["id", 5], ["LIMIT", 1]]
  ↳ app/controllers/users_controller.rb:24
  [1m[36mUser Exists (0.5ms)[0m  [1m[34mSELECT  1 AS one FROM "users" WHERE "users"."age" = $1 AND "users"."id" != $2 LIMIT $3[0m  [["age", 28], ["id", 5], ["LIMIT", 1]]
  ↳ app/controllers/users_controller.rb:24
  [1m[36mUser Exists (0.4ms)[0m  [1m[34mSELECT  1 AS one FROM "users" WHERE "users"."email" = $1 AND "users"."id" != $2 LIMIT $3[0m  [["email", "appropriate_email@gmail.com"], ["id", 5], ["LIMIT", 1]]
  ↳ app/controllers/users_controller.rb:24
  [1m[35m (0.3ms)[0m  [1m[31mROLLBACK[0m
  ↳ app/controllers/users_controller.rb:24
Completed 422 Unprocessable Entity in 17ms (Views: 0.2ms | ActiveRecord: 2.6ms)


Started GET "/users/5" for ::1 at 2020-09-02 17:01:42 -0700
Processing by UsersController#show as */*
  Parameters: {"id"=>"5"}
  [1m[36mUser Load (0.4ms)[0m  [1m[34mSELECT  "users".* FROM "users" WHERE "users"."id" = $1 LIMIT $2[0m  [["id", 5], ["LIMIT", 1]]
  ↳ app/controllers/users_controller.rb:8
Completed 200 OK in 3ms (Views: 0.6ms | ActiveRecord: 0.4ms)


Started GET "/users/5" for ::1 at 2020-09-02 17:02:06 -0700
Processing by UsersController#show as */*
  Parameters: {"user"=>{"age"=>"28"}, "id"=>"5"}
  [1m[36mUser Load (0.4ms)[0m  [1m[34mSELECT  "users".* FROM "users" WHERE "users"."id" = $1 LIMIT $2[0m  [["id", 5], ["LIMIT", 1]]
  ↳ app/controllers/users_controller.rb:8
Completed 200 OK in 3ms (Views: 0.4ms | ActiveRecord: 0.4ms)


Started PATCH "/users/5" for ::1 at 2020-09-02 17:02:12 -0700
Processing by UsersController#update as */*
  Parameters: {"user"=>{"age"=>"28"}, "id"=>"5"}
  [1m[36mUser Load (0.3ms)[0m  [1m[34mSELECT  "users".* FROM "users" WHERE "users"."id" = $1 LIMIT $2[0m  [["id", 5], ["LIMIT", 1]]
  ↳ app/controllers/users_controller.rb:22
  [1m[35m (0.3ms)[0m  [1m[35mBEGIN[0m
  ↳ app/controllers/users_controller.rb:24
  [1m[36mUser Exists (0.9ms)[0m  [1m[34mSELECT  1 AS one FROM "users" WHERE "users"."name" = $1 AND "users"."id" != $2 LIMIT $3[0m  [["name", "Brandon Bonzani"], ["id", 5], ["LIMIT", 1]]
  ↳ app/controllers/users_controller.rb:24
  [1m[36mUser Exists (0.6ms)[0m  [1m[34mSELECT  1 AS one FROM "users" WHERE "users"."age" = $1 AND "users"."id" != $2 LIMIT $3[0m  [["age", 28], ["id", 5], ["LIMIT", 1]]
  ↳ app/controllers/users_controller.rb:24
  [1m[36mUser Exists (0.6ms)[0m  [1m[34mSELECT  1 AS one FROM "users" WHERE "users"."email" = $1 AND "users"."id" != $2 LIMIT $3[0m  [["email", "appropriate_email@gmail.com"], ["id", 5], ["LIMIT", 1]]
  ↳ app/controllers/users_controller.rb:24
  [1m[35m (0.3ms)[0m  [1m[31mROLLBACK[0m
  ↳ app/controllers/users_controller.rb:24
Completed 422 Unprocessable Entity in 15ms (Views: 0.2ms | ActiveRecord: 2.9ms)


Started PATCH "/users/5" for 127.0.0.1 at 2020-09-02 17:02:25 -0700
  [1m[35m (0.4ms)[0m  [1m[34mSELECT "schema_migrations"."version" FROM "schema_migrations" ORDER BY "schema_migrations"."version" ASC[0m
  ↳ /home/boosqua/.rbenv/versions/2.5.1/lib/ruby/gems/2.5.0/gems/activerecord-5.2.4.3/lib/active_record/log_subscriber.rb:98
Processing by UsersController#update as */*
  Parameters: {"user"=>{"age"=>"28"}, "id"=>"5"}
  [1m[36mUser Load (0.5ms)[0m  [1m[34mSELECT  "users".* FROM "users" WHERE "users"."id" = $1 LIMIT $2[0m  [["id", 5], ["LIMIT", 1]]
  ↳ app/controllers/users_controller.rb:22
  [1m[35m (0.3ms)[0m  [1m[35mBEGIN[0m
  ↳ app/controllers/users_controller.rb:24
  [1m[36mUser Update (0.5ms)[0m  [1m[33mUPDATE "users" SET "age" = $1, "updated_at" = $2 WHERE "users"."id" = $3[0m  [["age", 28], ["updated_at", "2020-09-03 00:02:26.107439"], ["id", 5]]
  ↳ app/controllers/users_controller.rb:24
  [1m[35m (2.3ms)[0m  [1m[35mCOMMIT[0m
  ↳ app/controllers/users_controller.rb:24
Redirected to http://localhost:3000/users.5
Completed 302 Found in 49ms (ActiveRecord: 6.1ms)


Started GET "/users.5" for 127.0.0.1 at 2020-09-02 17:02:26 -0700
Processing by UsersController#index as 
  [1m[36mUser Load (0.3ms)[0m  [1m[34mSELECT "users".* FROM "users"[0m
  ↳ app/controllers/users_controller.rb:5
Completed 200 OK in 4ms (Views: 2.9ms | ActiveRecord: 0.3ms)


